{
  "stats": {
    "suites": 1,
    "tests": 1,
    "passes": 1,
    "pending": 0,
    "failures": 0,
    "start": "2020-03-22T20:08:38.936Z",
    "end": "2020-03-22T20:09:28.037Z",
    "duration": 49101,
    "testsRegistered": 1,
    "passPercent": 100,
    "pendingPercent": 0,
    "other": 0,
    "hasOther": false,
    "skipped": 0,
    "hasSkipped": false
  },
  "results": [
    {
      "uuid": "2adf49ea-e69c-49ae-a918-4e52e0c91824",
      "title": "",
      "fullFile": "cypress\\integration\\test\\Schedules.js",
      "file": "cypress\\integration\\test\\Schedules.js",
      "beforeHooks": [],
      "afterHooks": [],
      "tests": [],
      "suites": [
        {
          "uuid": "5d855ba1-4405-4b76-93b2-5db5708e09ab",
          "title": "Schedules Page",
          "fullFile": "",
          "file": "",
          "beforeHooks": [],
          "afterHooks": [],
          "tests": [
            {
              "title": "Search by sbedule type",
              "fullTitle": "Schedules Page Search by sbedule type",
              "timedOut": null,
              "duration": 47125,
              "state": "passed",
              "speed": "slow",
              "pass": true,
              "fail": false,
              "pending": false,
              "context": null,
              "code": "var createSchedules = new _schedules_scripts[\"default\"]();\ncreateSchedules.saveAs();\ncreateSchedules.enterName('QA Pavel');\ncreateSchedules.choosePeriod(); //createSchedules.enterTag()\ncreateSchedules.clickSave(); //createSchedules.searchTag()\ncreateSchedules.searchScheduleType();\ncreateSchedules.appluSearch();\ncreateSchedules.deleteafterSearch();",
              "err": {},
              "uuid": "f50dc3fe-182d-43c7-a15b-cb356abdb630",
              "parentUUID": "5d855ba1-4405-4b76-93b2-5db5708e09ab",
              "isHook": false,
              "skipped": false
            }
          ],
          "suites": [],
          "passes": [
            "f50dc3fe-182d-43c7-a15b-cb356abdb630"
          ],
          "failures": [],
          "pending": [],
          "skipped": [],
          "duration": 47125,
          "root": false,
          "rootEmpty": false,
          "_timeout": 2000
        }
      ],
      "passes": [],
      "failures": [],
      "pending": [],
      "skipped": [],
      "duration": 0,
      "root": true,
      "rootEmpty": true,
      "_timeout": 2000
    }
  ],
  "meta": {
    "mocha": {
      "version": "7.1.1"
    },
    "mochawesome": {
      "options": {
        "quiet": true,
        "reportFilename": "mochawesome",
        "saveHtml": true,
        "saveJson": true,
        "consoleReporter": "spec",
        "useInlineDiffs": false
      },
      "version": "4.1.0"
    },
    "marge": {
      "options": {
        "id": "default",
        "reportDir": "cypress/reports/mocha",
        "quiet": true,
        "overwrite": false,
        "html": true,
        "json": true
      },
      "version": "4.1.0"
    }
  }
}