{
  "stats": {
    "suites": 1,
    "tests": 2,
    "passes": 1,
    "pending": 0,
    "failures": 1,
    "start": "2020-04-07T15:22:57.718Z",
    "end": "2020-04-07T15:24:34.642Z",
    "duration": 96924,
    "testsRegistered": 2,
    "passPercent": 50,
    "pendingPercent": 0,
    "other": 0,
    "hasOther": false,
    "skipped": 0,
    "hasSkipped": false
  },
  "results": [
    {
      "uuid": "e66363ff-8e25-469f-843a-3a265b8e9e2a",
      "title": "",
      "fullFile": "cypress\\integration\\test\\References.js",
      "file": "cypress\\integration\\test\\References.js",
      "beforeHooks": [],
      "afterHooks": [],
      "tests": [],
      "suites": [
        {
          "uuid": "f17c13a4-1f27-4631-b60d-cfc6e047b99b",
          "title": "Reference Page",
          "fullFile": "",
          "file": "",
          "beforeHooks": [],
          "afterHooks": [],
          "tests": [
            {
              "title": "Create Reference",
              "fullTitle": "Reference Page Create Reference",
              "timedOut": null,
              "duration": 40736,
              "state": "passed",
              "speed": "slow",
              "pass": true,
              "fail": false,
              "pending": false,
              "context": null,
              "code": "var references = new _refernces_scripts[\"default\"]();\nreferences.visitReferencesPage();\nreferences.addReference();\nreferences.findReference();\nreferences.deleteReference();",
              "err": {},
              "uuid": "bc318047-2094-437f-aee7-4adb5ccece35",
              "parentUUID": "f17c13a4-1f27-4631-b60d-cfc6e047b99b",
              "isHook": false,
              "skipped": false
            },
            {
              "title": "Create Reference",
              "fullTitle": "Reference Page Create Reference",
              "timedOut": null,
              "duration": 54312,
              "state": "failed",
              "speed": null,
              "pass": false,
              "fail": true,
              "pending": false,
              "context": null,
              "code": "var references = new _refernces_scripts[\"default\"]();\nreferences.visitReferencesPage();\nreferences.addReference();\nreferences.findReference();\nreferences.addLinks();\nreferences.actualsPage();\nreferences.deleteReference();",
              "err": {
                "message": "CypressError: Timed out retrying: cy.click() failed because this element is disabled:\n\n<button _ngcontent-tmg-c53=\"\" class=\"btn mat-raised-button mat-button-base mat-accent\" color=\"accent\" mat-raised-button=\"\" type=\"button\" disabled=\"true\">...</button>\n\nFix this problem, or use {force: true} to disable error checking.\n\nhttps://on.cypress.io/element-cannot-be-interacted-with",
                "estack": "CypressError: Timed out retrying: cy.click() failed because this element is disabled:\n\n<button _ngcontent-tmg-c53=\"\" class=\"btn mat-raised-button mat-button-base mat-accent\" color=\"accent\" mat-raised-button=\"\" type=\"button\" disabled=\"true\">...</button>\n\nFix this problem, or use {force: true} to disable error checking.\n\nhttps://on.cypress.io/element-cannot-be-interacted-with\n    at cypressErr (https://develop.auroravts.com/__cypress/runner/cypress_runner.js:138644:9)\n    at throwErr (https://develop.auroravts.com/__cypress/runner/cypress_runner.js:138577:11)\n    at Object.throwErrByPath (https://develop.auroravts.com/__cypress/runner/cypress_runner.js:138625:3)\n    at Object.retry (https://develop.auroravts.com/__cypress/runner/cypress_runner.js:132905:19)\n    at retryActionability (https://develop.auroravts.com/__cypress/runner/cypress_runner.js:120726:19)\n    at tryCatcher (https://develop.auroravts.com/__cypress/runner/cypress_runner.js:165465:23)\n    at Function.Promise.attempt.Promise.try (https://develop.auroravts.com/__cypress/runner/cypress_runner.js:162740:29)\n    at tryFn (https://develop.auroravts.com/__cypress/runner/cypress_runner.js:133369:21)\n    at whenStable (https://develop.auroravts.com/__cypress/runner/cypress_runner.js:133404:12)\n    at https://develop.auroravts.com/__cypress/runner/cypress_runner.js:132948:16\n    at tryCatcher (https://develop.auroravts.com/__cypress/runner/cypress_runner.js:165465:23)\n    at Promise._settlePromiseFromHandler (https://develop.auroravts.com/__cypress/runner/cypress_runner.js:163401:31)\n    at Promise._settlePromise (https://develop.auroravts.com/__cypress/runner/cypress_runner.js:163458:18)\n    at Promise._settlePromise0 (https://develop.auroravts.com/__cypress/runner/cypress_runner.js:163503:10)\n    at Promise._settlePromises (https://develop.auroravts.com/__cypress/runner/cypress_runner.js:163582:18)\n    at Promise._fulfill (https://develop.auroravts.com/__cypress/runner/cypress_runner.js:163527:18)",
                "diff": null
              },
              "uuid": "3b90e18d-864f-4bce-9659-7b41befef8e6",
              "parentUUID": "f17c13a4-1f27-4631-b60d-cfc6e047b99b",
              "isHook": false,
              "skipped": false
            }
          ],
          "suites": [],
          "passes": [
            "bc318047-2094-437f-aee7-4adb5ccece35"
          ],
          "failures": [
            "3b90e18d-864f-4bce-9659-7b41befef8e6"
          ],
          "pending": [],
          "skipped": [],
          "duration": 95048,
          "root": false,
          "rootEmpty": false,
          "_timeout": 2000
        }
      ],
      "passes": [],
      "failures": [],
      "pending": [],
      "skipped": [],
      "duration": 0,
      "root": true,
      "rootEmpty": true,
      "_timeout": 2000
    }
  ],
  "meta": {
    "mocha": {
      "version": "7.1.1"
    },
    "mochawesome": {
      "options": {
        "quiet": true,
        "reportFilename": "mochawesome",
        "saveHtml": true,
        "saveJson": true,
        "consoleReporter": "spec",
        "useInlineDiffs": false
      },
      "version": "4.1.0"
    },
    "marge": {
      "options": {
        "id": "default",
        "reportDir": "cypress/reports/mocha",
        "quiet": true,
        "overwrite": false,
        "html": true,
        "json": true
      },
      "version": "4.1.0"
    }
  }
}