{
  "stats": {
    "suites": 1,
    "tests": 8,
    "passes": 8,
    "pending": 0,
    "failures": 0,
    "start": "2020-03-25T08:19:04.314Z",
    "end": "2020-03-25T08:26:07.524Z",
    "duration": 423210,
    "testsRegistered": 8,
    "passPercent": 100,
    "pendingPercent": 0,
    "other": 0,
    "hasOther": false,
    "skipped": 0,
    "hasSkipped": false
  },
  "results": [
    {
      "uuid": "57ee2e1a-f880-4ce3-9b70-d13dfa9ee8e8",
      "title": "",
      "fullFile": "cypress\\integration\\test\\UniverseEstimatesFilters.js",
      "file": "cypress\\integration\\test\\UniverseEstimatesFilters.js",
      "beforeHooks": [],
      "afterHooks": [],
      "tests": [],
      "suites": [
        {
          "uuid": "2b9b0ee0-4ae6-424a-8c7b-93b3290a5da7",
          "title": "Universe Estimates Filters",
          "fullFile": "",
          "file": "",
          "beforeHooks": [],
          "afterHooks": [],
          "tests": [
            {
              "title": "!Create+Search+Edit Universe Estimates",
              "fullTitle": "Universe Estimates Filters !Create+Search+Edit Universe Estimates",
              "timedOut": null,
              "duration": 78720,
              "state": "passed",
              "speed": "slow",
              "pass": true,
              "fail": false,
              "pending": false,
              "context": null,
              "code": "var UniverseEstimatesFilters = new _ueFilters_scripts[\"default\"]();\nUniverseEstimatesFilters.visitUEPage();\ncy.percySnapshot();\nUniverseEstimatesFilters.clickCloneButton();\nUniverseEstimatesFilters.searchURGroups();\nUniverseEstimatesFilters.editUEGroups();\ncy.percySnapshot();\nUniverseEstimatesFilters.deleteEditUEGroups();",
              "err": {},
              "uuid": "537ea724-e15e-45d3-93fc-ab4bba291dfc",
              "parentUUID": "2b9b0ee0-4ae6-424a-8c7b-93b3290a5da7",
              "isHook": false,
              "skipped": false
            },
            {
              "title": "!Universe Estimates Search UE",
              "fullTitle": "Universe Estimates Filters !Universe Estimates Search UE",
              "timedOut": null,
              "duration": 34140,
              "state": "passed",
              "speed": "slow",
              "pass": true,
              "fail": false,
              "pending": false,
              "context": null,
              "code": "var UniverseEstimatesFilters = new _ueFilters_scripts[\"default\"]();\nUniverseEstimatesFilters.visitUEPage();\ncy.get('.selected > .mat-list-item-content').click();\nUniverseEstimatesFilters.searchUE();",
              "err": {},
              "uuid": "95d04882-81eb-4d72-930d-8191c6fc77c4",
              "parentUUID": "2b9b0ee0-4ae6-424a-8c7b-93b3290a5da7",
              "isHook": false,
              "skipped": false
            },
            {
              "title": "!Export Universe Estimates",
              "fullTitle": "Universe Estimates Filters !Export Universe Estimates",
              "timedOut": null,
              "duration": 38191,
              "state": "passed",
              "speed": "slow",
              "pass": true,
              "fail": false,
              "pending": false,
              "context": null,
              "code": "var UniverseEstimatesFilters = new _ueFilters_scripts[\"default\"]();\nUniverseEstimatesFilters.visitUEPage();\nUniverseEstimatesFilters.exportUE();",
              "err": {},
              "uuid": "cdb2bb3c-aa8b-40d7-a419-07ab9447c54c",
              "parentUUID": "2b9b0ee0-4ae6-424a-8c7b-93b3290a5da7",
              "isHook": false,
              "skipped": false
            },
            {
              "title": "!Import Universe Estimates",
              "fullTitle": "Universe Estimates Filters !Import Universe Estimates",
              "timedOut": null,
              "duration": 58840,
              "state": "passed",
              "speed": "slow",
              "pass": true,
              "fail": false,
              "pending": false,
              "context": null,
              "code": "var UniverseEstimatesFilters = new _ueFilters_scripts[\"default\"](); //no\nUniverseEstimatesFilters.visitUEPage();\nUniverseEstimatesFilters.clickCloneButton();\nUniverseEstimatesFilters.importUE();\nUniverseEstimatesFilters.deleteUEGroups();",
              "err": {},
              "uuid": "ed6ac19d-d037-47d2-bd29-fa947976d36c",
              "parentUUID": "2b9b0ee0-4ae6-424a-8c7b-93b3290a5da7",
              "isHook": false,
              "skipped": false
            },
            {
              "title": "!Edit Universe Estimates",
              "fullTitle": "Universe Estimates Filters !Edit Universe Estimates",
              "timedOut": null,
              "duration": 68299,
              "state": "passed",
              "speed": "slow",
              "pass": true,
              "fail": false,
              "pending": false,
              "context": null,
              "code": "var UniverseEstimatesFilters = new _ueFilters_scripts[\"default\"]();\nUniverseEstimatesFilters.visitUEPage();\nUniverseEstimatesFilters.clickCloneButton();\ncy.percySnapshot();\nUniverseEstimatesFilters.searchURGroups();\nUniverseEstimatesFilters.editUE();\nUniverseEstimatesFilters.deleteUEGroups();",
              "err": {},
              "uuid": "e6a9b3ca-5add-4762-8806-56b220a4e933",
              "parentUUID": "2b9b0ee0-4ae6-424a-8c7b-93b3290a5da7",
              "isHook": false,
              "skipped": false
            },
            {
              "title": "Clone Universe Estimates",
              "fullTitle": "Universe Estimates Filters Clone Universe Estimates",
              "timedOut": null,
              "duration": 52533,
              "state": "passed",
              "speed": "slow",
              "pass": true,
              "fail": false,
              "pending": false,
              "context": null,
              "code": "var UniverseEstimatesFilters = new _ueFilters_scripts[\"default\"](); //no\nUniverseEstimatesFilters.visitUEPage();\nUniverseEstimatesFilters.clickCloneButton(); //UniverseEstimatesFilters.cloneUE()\nUniverseEstimatesFilters.deleteUEGroups();",
              "err": {},
              "uuid": "7cd6d2bf-e5f3-4b3b-81cf-c5e777d182e1",
              "parentUUID": "2b9b0ee0-4ae6-424a-8c7b-93b3290a5da7",
              "isHook": false,
              "skipped": false
            },
            {
              "title": "Universe Estimates Filters Reset",
              "fullTitle": "Universe Estimates Filters Universe Estimates Filters Reset",
              "timedOut": null,
              "duration": 43867,
              "state": "passed",
              "speed": "slow",
              "pass": true,
              "fail": false,
              "pending": false,
              "context": null,
              "code": "var UniverseEstimatesFilters = new _ueFilters_scripts[\"default\"]();\nUniverseEstimatesFilters.visitUEPage();\nUniverseEstimatesFilters.selectYear();\nUniverseEstimatesFilters.selectQuater();\ncy.percySnapshot();\nUniverseEstimatesFilters.selectResedrButton();",
              "err": {},
              "uuid": "e9f0d14c-2734-486b-8705-fe52b31ce4c5",
              "parentUUID": "2b9b0ee0-4ae6-424a-8c7b-93b3290a5da7",
              "isHook": false,
              "skipped": false
            },
            {
              "title": "Universe Estimates Filters Apply",
              "fullTitle": "Universe Estimates Filters Universe Estimates Filters Apply",
              "timedOut": null,
              "duration": 45514,
              "state": "passed",
              "speed": "slow",
              "pass": true,
              "fail": false,
              "pending": false,
              "context": null,
              "code": "var UniverseEstimatesFilters = new _ueFilters_scripts[\"default\"]();\nUniverseEstimatesFilters.visitUEPage();\nUniverseEstimatesFilters.selectYear();\nUniverseEstimatesFilters.selectQuater();\nUniverseEstimatesFilters.selectApplyButton();",
              "err": {},
              "uuid": "bee41d17-6c26-4ffd-acc3-63b57279e4da",
              "parentUUID": "2b9b0ee0-4ae6-424a-8c7b-93b3290a5da7",
              "isHook": false,
              "skipped": false
            }
          ],
          "suites": [],
          "passes": [
            "537ea724-e15e-45d3-93fc-ab4bba291dfc",
            "95d04882-81eb-4d72-930d-8191c6fc77c4",
            "cdb2bb3c-aa8b-40d7-a419-07ab9447c54c",
            "ed6ac19d-d037-47d2-bd29-fa947976d36c",
            "e6a9b3ca-5add-4762-8806-56b220a4e933",
            "7cd6d2bf-e5f3-4b3b-81cf-c5e777d182e1",
            "e9f0d14c-2734-486b-8705-fe52b31ce4c5",
            "bee41d17-6c26-4ffd-acc3-63b57279e4da"
          ],
          "failures": [],
          "pending": [],
          "skipped": [],
          "duration": 420104,
          "root": false,
          "rootEmpty": false,
          "_timeout": 2000
        }
      ],
      "passes": [],
      "failures": [],
      "pending": [],
      "skipped": [],
      "duration": 0,
      "root": true,
      "rootEmpty": true,
      "_timeout": 2000
    }
  ],
  "meta": {
    "mocha": {
      "version": "7.1.1"
    },
    "mochawesome": {
      "options": {
        "quiet": true,
        "reportFilename": "mochawesome",
        "saveHtml": true,
        "saveJson": true,
        "consoleReporter": "spec",
        "useInlineDiffs": false
      },
      "version": "4.1.0"
    },
    "marge": {
      "options": {
        "id": "default",
        "reportDir": "cypress/reports/mocha",
        "quiet": true,
        "overwrite": false,
        "html": true,
        "json": true
      },
      "version": "4.1.0"
    }
  }
}