{
  "stats": {
    "suites": 1,
    "tests": 3,
    "passes": 3,
    "pending": 0,
    "failures": 0,
    "start": "2020-04-20T14:07:36.623Z",
    "end": "2020-04-20T14:09:52.115Z",
    "duration": 135492,
    "testsRegistered": 3,
    "passPercent": 100,
    "pendingPercent": 0,
    "other": 0,
    "hasOther": false,
    "skipped": 0,
    "hasSkipped": false
  },
  "results": [
    {
      "uuid": "26cf31b5-18ae-444c-980a-150701c7a907",
      "title": "",
      "fullFile": "cypress\\integration\\test\\Schedules.js",
      "file": "cypress\\integration\\test\\Schedules.js",
      "beforeHooks": [],
      "afterHooks": [],
      "tests": [],
      "suites": [
        {
          "uuid": "89077960-45cd-4b2c-bc60-71726720a431",
          "title": "Schedules Page",
          "fullFile": "",
          "file": "",
          "beforeHooks": [],
          "afterHooks": [],
          "tests": [
            {
              "title": "Schedules Page",
              "fullTitle": "Schedules Page Schedules Page",
              "timedOut": null,
              "duration": 51051,
              "state": "passed",
              "speed": "slow",
              "pass": true,
              "fail": false,
              "pending": false,
              "context": null,
              "code": "var createSchedules = new _schedules_scripts[\"default\"]();\ncreateSchedules.saveAsMaster();\ncreateSchedules.enterName('QA Pavel Test'); //createSchedules.enterTag()\ncreateSchedules.choosePeriod();\ncreateSchedules.clickSave();\ncy.percySnapshot();\ncreateSchedules.deleteSchedule();",
              "err": {},
              "uuid": "c455dc79-fb87-493c-a5c3-09e8dcfdbba3",
              "parentUUID": "89077960-45cd-4b2c-bc60-71726720a431",
              "isHook": false,
              "skipped": false
            },
            {
              "title": "Search by schedule type",
              "fullTitle": "Schedules Page Search by schedule type",
              "timedOut": null,
              "duration": 42867,
              "state": "passed",
              "speed": "slow",
              "pass": true,
              "fail": false,
              "pending": false,
              "context": null,
              "code": "var createSchedules = new _schedules_scripts[\"default\"]();\ncreateSchedules.saveAsMaster();\ncreateSchedules.enterName('QA P');\ncreateSchedules.choosePeriod(); //createSchedules.enterTag()\ncreateSchedules.clickSave(); //createSchedules.searchTag()\ncreateSchedules.searchScheduleType();\ncreateSchedules.appluSearch();\ncreateSchedules.deleteafterSearch();",
              "err": {},
              "uuid": "96e2f199-77e3-4a47-bae8-68caa1867b41",
              "parentUUID": "89077960-45cd-4b2c-bc60-71726720a431",
              "isHook": false,
              "skipped": false
            },
            {
              "title": "Search by schedule type",
              "fullTitle": "Schedules Page Search by schedule type",
              "timedOut": null,
              "duration": 38792,
              "state": "passed",
              "speed": "slow",
              "pass": true,
              "fail": false,
              "pending": false,
              "context": null,
              "code": "var createSchedules = new _schedules_scripts[\"default\"]();\ncreateSchedules.saveAsMaster();\ncreateSchedules.enterName('QA Pa');\ncreateSchedules.choosePeriod();\ncreateSchedules.clickSave();\ncreateSchedules.deleteafterSearch();",
              "err": {},
              "uuid": "e3c6f5f7-3ecb-47b7-8295-491106a39904",
              "parentUUID": "89077960-45cd-4b2c-bc60-71726720a431",
              "isHook": false,
              "skipped": false
            }
          ],
          "suites": [],
          "passes": [
            "c455dc79-fb87-493c-a5c3-09e8dcfdbba3",
            "96e2f199-77e3-4a47-bae8-68caa1867b41",
            "e3c6f5f7-3ecb-47b7-8295-491106a39904"
          ],
          "failures": [],
          "pending": [],
          "skipped": [],
          "duration": 132710,
          "root": false,
          "rootEmpty": false,
          "_timeout": 2000
        }
      ],
      "passes": [],
      "failures": [],
      "pending": [],
      "skipped": [],
      "duration": 0,
      "root": true,
      "rootEmpty": true,
      "_timeout": 2000
    }
  ],
  "meta": {
    "mocha": {
      "version": "7.1.1"
    },
    "mochawesome": {
      "options": {
        "quiet": true,
        "reportFilename": "mochawesome",
        "saveHtml": true,
        "saveJson": true,
        "consoleReporter": "spec",
        "useInlineDiffs": false
      },
      "version": "4.1.0"
    },
    "marge": {
      "options": {
        "id": "default",
        "reportDir": "cypress/reports/mocha",
        "quiet": true,
        "overwrite": false,
        "html": true,
        "json": true
      },
      "version": "4.1.0"
    }
  }
}