{
  "stats": {
    "suites": 1,
    "tests": 3,
    "passes": 3,
    "pending": 0,
    "failures": 0,
    "start": "2020-03-22T15:12:02.134Z",
    "end": "2020-03-22T15:12:55.885Z",
    "duration": 53751,
    "testsRegistered": 3,
    "passPercent": 100,
    "pendingPercent": 0,
    "other": 0,
    "hasOther": false,
    "skipped": 0,
    "hasSkipped": false
  },
  "results": [
    {
      "uuid": "19084e44-4a7f-4478-bb85-8073d1d6dce1",
      "title": "",
      "fullFile": "cypress\\integration\\test\\Login.js",
      "file": "cypress\\integration\\test\\Login.js",
      "beforeHooks": [],
      "afterHooks": [],
      "tests": [],
      "suites": [
        {
          "uuid": "fe119b08-378d-4a40-b7ec-e8b11799d78e",
          "title": "Login",
          "fullFile": "",
          "file": "",
          "beforeHooks": [],
          "afterHooks": [],
          "tests": [
            {
              "title": "Valid login Page",
              "fullTitle": "Login Valid login Page",
              "timedOut": null,
              "duration": 35993,
              "state": "passed",
              "speed": "slow",
              "pass": true,
              "fail": false,
              "pending": false,
              "context": null,
              "code": "var log = new _login_scripts[\"default\"]();\ncy.wait(3000);\nlog.usernameField('sysadmin');\nlog.passwordFields('!amcnbi321');\nlog.loginButton();\ncy.wait(5000);\ncy.title().should('be.equal', 'Estimator International');",
              "err": {},
              "uuid": "de36ac3f-83f4-43a3-92c8-2335cc707a14",
              "parentUUID": "fe119b08-378d-4a40-b7ec-e8b11799d78e",
              "isHook": false,
              "skipped": false
            },
            {
              "title": "InValid login Page",
              "fullTitle": "Login InValid login Page",
              "timedOut": null,
              "duration": 7134,
              "state": "passed",
              "speed": "slow",
              "pass": true,
              "fail": false,
              "pending": false,
              "context": null,
              "code": "var log = new _login_scripts[\"default\"]();\ncy.wait(3000);\nlog.usernameField('sysadmin');\nlog.passwordFields(' ');\nlog.loginButton();\ncy.title().should('be.equal', 'Login');",
              "err": {},
              "uuid": "c4850c89-8070-4993-8724-e48a22efe104",
              "parentUUID": "fe119b08-378d-4a40-b7ec-e8b11799d78e",
              "isHook": false,
              "skipped": false
            },
            {
              "title": "InValid login Page",
              "fullTitle": "Login InValid login Page",
              "timedOut": null,
              "duration": 7636,
              "state": "passed",
              "speed": "slow",
              "pass": true,
              "fail": false,
              "pending": false,
              "context": null,
              "code": "var log = new _login_scripts[\"default\"]();\ncy.wait(3000);\nlog.usernameField(' ');\nlog.passwordFields('!amcnbi321');\nlog.loginButton();\ncy.title().should('be.equal', 'Login');",
              "err": {},
              "uuid": "d4f1f378-8ed6-4b44-9548-a70d89a8e737",
              "parentUUID": "fe119b08-378d-4a40-b7ec-e8b11799d78e",
              "isHook": false,
              "skipped": false
            }
          ],
          "suites": [],
          "passes": [
            "de36ac3f-83f4-43a3-92c8-2335cc707a14",
            "c4850c89-8070-4993-8724-e48a22efe104",
            "d4f1f378-8ed6-4b44-9548-a70d89a8e737"
          ],
          "failures": [],
          "pending": [],
          "skipped": [],
          "duration": 50763,
          "root": false,
          "rootEmpty": false,
          "_timeout": 2000
        }
      ],
      "passes": [],
      "failures": [],
      "pending": [],
      "skipped": [],
      "duration": 0,
      "root": true,
      "rootEmpty": true,
      "_timeout": 2000
    }
  ],
  "meta": {
    "mocha": {
      "version": "7.1.1"
    },
    "mochawesome": {
      "options": {
        "quiet": true,
        "reportFilename": "mochawesome",
        "saveHtml": true,
        "saveJson": true,
        "consoleReporter": "spec",
        "useInlineDiffs": false
      },
      "version": "4.1.0"
    },
    "marge": {
      "options": {
        "id": "default",
        "reportDir": "cypress/reports/mocha",
        "quiet": true,
        "overwrite": false,
        "html": true,
        "json": true
      },
      "version": "4.1.0"
    }
  }
}