{
  "stats": {
    "suites": 1,
    "tests": 3,
    "passes": 3,
    "pending": 0,
    "failures": 0,
    "start": "2020-06-24T15:02:28.150Z",
    "end": "2020-06-24T15:03:18.201Z",
    "duration": 50051,
    "testsRegistered": 3,
    "passPercent": 100,
    "pendingPercent": 0,
    "other": 0,
    "hasOther": false,
    "skipped": 0,
    "hasSkipped": false
  },
  "results": [
    {
      "uuid": "8cb96ddc-f4a0-439c-afad-495479b30990",
      "title": "",
      "fullFile": "cypress\\integration\\Spain\\Login.js",
      "file": "cypress\\integration\\Spain\\Login.js",
      "beforeHooks": [],
      "afterHooks": [],
      "tests": [],
      "suites": [
        {
          "uuid": "454ddda1-88df-43e9-bb4d-02adea3ba1c5",
          "title": "Login",
          "fullFile": "",
          "file": "",
          "beforeHooks": [],
          "afterHooks": [],
          "tests": [
            {
              "title": "Valid login Page",
              "fullTitle": "Login Valid login Page",
              "timedOut": null,
              "duration": 35383,
              "state": "passed",
              "speed": "slow",
              "pass": true,
              "fail": false,
              "pending": false,
              "context": null,
              "code": "var log = new _login_scripts[\"default\"]();\ncy.wait(3000);\nlog.usernameField('sysadmin');\nlog.passwordFields('!amcnbi321');\nlog.loginButton();\ncy.wait(5000);\ncy.title().should('be.equal', 'Estimator International');\ncy.wait(8000); // cy.server()\n// cy.route('GET', '/api/v1/user/get_user_info').as('get_user_info')\n// cy.route('POST', '/api/v1/schedules/get_schedules').as('get_schedules')\n// cy.wait(['@get_user_info', '@get_schedules'])\n// .should(data => {\n//     data.forEach (item => expect(item.stats).to.equal(200))\n//     return true\n// })\ncy.wait(8000);\ncy.percySnapshot();",
              "err": {},
              "uuid": "05d9fa8c-cfe7-44fd-80a8-4f36b238149d",
              "parentUUID": "454ddda1-88df-43e9-bb4d-02adea3ba1c5",
              "isHook": false,
              "skipped": false
            },
            {
              "title": "InValid login Page",
              "fullTitle": "Login InValid login Page",
              "timedOut": null,
              "duration": 7666,
              "state": "passed",
              "speed": "slow",
              "pass": true,
              "fail": false,
              "pending": false,
              "context": null,
              "code": "var log = new _login_scripts[\"default\"]();\ncy.wait(3000);\nlog.usernameField('sysadmin');\nlog.passwordFields(' ');\nlog.loginButton();\ncy.title().should('be.equal', 'Login');",
              "err": {},
              "uuid": "d02548e8-c4ef-432e-8ebf-1a73a899eafc",
              "parentUUID": "454ddda1-88df-43e9-bb4d-02adea3ba1c5",
              "isHook": false,
              "skipped": false
            },
            {
              "title": "InValid login Page",
              "fullTitle": "Login InValid login Page",
              "timedOut": null,
              "duration": 6908,
              "state": "passed",
              "speed": "slow",
              "pass": true,
              "fail": false,
              "pending": false,
              "context": null,
              "code": "var log = new _login_scripts[\"default\"]();\ncy.wait(3000);\nlog.usernameField(' ');\nlog.passwordFields('!amcnbi321');\nlog.loginButton();\ncy.title().should('be.equal', 'Login');",
              "err": {},
              "uuid": "ed4fd6c3-6198-4bad-a323-d81955bf0a1c",
              "parentUUID": "454ddda1-88df-43e9-bb4d-02adea3ba1c5",
              "isHook": false,
              "skipped": false
            }
          ],
          "suites": [],
          "passes": [
            "05d9fa8c-cfe7-44fd-80a8-4f36b238149d",
            "d02548e8-c4ef-432e-8ebf-1a73a899eafc",
            "ed4fd6c3-6198-4bad-a323-d81955bf0a1c"
          ],
          "failures": [],
          "pending": [],
          "skipped": [],
          "duration": 49957,
          "root": false,
          "rootEmpty": false,
          "_timeout": 2000
        }
      ],
      "passes": [],
      "failures": [],
      "pending": [],
      "skipped": [],
      "duration": 0,
      "root": true,
      "rootEmpty": true,
      "_timeout": 2000
    }
  ],
  "meta": {
    "mocha": {
      "version": "7.1.1"
    },
    "mochawesome": {
      "options": {
        "quiet": true,
        "reportFilename": "mochawesome",
        "saveHtml": true,
        "saveJson": true,
        "consoleReporter": "spec",
        "useInlineDiffs": false
      },
      "version": "4.1.0"
    },
    "marge": {
      "options": {
        "id": "default",
        "reportDir": "cypress/reports/mocha",
        "quiet": true,
        "overwrite": false,
        "html": true,
        "json": true
      },
      "version": "4.1.0"
    }
  }
}