{
  "stats": {
    "suites": 1,
    "tests": 3,
    "passes": 3,
    "pending": 0,
    "failures": 0,
    "start": "2020-05-20T10:25:13.830Z",
    "end": "2020-05-20T10:26:09.105Z",
    "duration": 55275,
    "testsRegistered": 3,
    "passPercent": 100,
    "pendingPercent": 0,
    "other": 0,
    "hasOther": false,
    "skipped": 0,
    "hasSkipped": false
  },
  "results": [
    {
      "uuid": "939748d9-e09c-4edf-806e-654b6dd06a72",
      "title": "",
      "fullFile": "cypress\\integration\\Chech\\Login.js",
      "file": "cypress\\integration\\Chech\\Login.js",
      "beforeHooks": [],
      "afterHooks": [],
      "tests": [],
      "suites": [
        {
          "uuid": "d90a3374-5d65-4340-89be-5bf428e13442",
          "title": "Login",
          "fullFile": "",
          "file": "",
          "beforeHooks": [],
          "afterHooks": [],
          "tests": [
            {
              "title": "Valid login Page",
              "fullTitle": "Login Valid login Page",
              "timedOut": null,
              "duration": 38944,
              "state": "passed",
              "speed": "slow",
              "pass": true,
              "fail": false,
              "pending": false,
              "context": null,
              "code": "var log = new _login_scripts_Czech[\"default\"]();\ncy.wait(3000);\nlog.usernameField('sysadmin');\nlog.passwordFields('!amcnbi321');\nlog.loginButton();\ncy.wait(5000);\ncy.title().should('be.equal', 'Estimator International');\ncy.wait(3000);\ncy.percySnapshot();",
              "err": {},
              "uuid": "231691fc-79cb-4837-86ec-b72cc1f18064",
              "parentUUID": "d90a3374-5d65-4340-89be-5bf428e13442",
              "isHook": false,
              "skipped": false
            },
            {
              "title": "InValid login Page",
              "fullTitle": "Login InValid login Page",
              "timedOut": null,
              "duration": 8720,
              "state": "passed",
              "speed": "slow",
              "pass": true,
              "fail": false,
              "pending": false,
              "context": null,
              "code": "var log = new _login_scripts_Czech[\"default\"]();\ncy.wait(3000);\nlog.usernameField('sysadmin');\nlog.passwordFields(' ');\nlog.loginButton();\ncy.title().should('be.equal', 'Login');",
              "err": {},
              "uuid": "b926c23f-931d-470d-a962-7ff5ae09113b",
              "parentUUID": "d90a3374-5d65-4340-89be-5bf428e13442",
              "isHook": false,
              "skipped": false
            },
            {
              "title": "InValid login Page",
              "fullTitle": "Login InValid login Page",
              "timedOut": null,
              "duration": 7548,
              "state": "passed",
              "speed": "slow",
              "pass": true,
              "fail": false,
              "pending": false,
              "context": null,
              "code": "var log = new _login_scripts_Czech[\"default\"]();\ncy.wait(3000);\nlog.usernameField(' ');\nlog.passwordFields('!amcnbi321');\nlog.loginButton();\ncy.title().should('be.equal', 'Login');",
              "err": {},
              "uuid": "01a177ab-6a6b-4abb-ae44-0038dff6cbb6",
              "parentUUID": "d90a3374-5d65-4340-89be-5bf428e13442",
              "isHook": false,
              "skipped": false
            }
          ],
          "suites": [],
          "passes": [
            "231691fc-79cb-4837-86ec-b72cc1f18064",
            "b926c23f-931d-470d-a962-7ff5ae09113b",
            "01a177ab-6a6b-4abb-ae44-0038dff6cbb6"
          ],
          "failures": [],
          "pending": [],
          "skipped": [],
          "duration": 55212,
          "root": false,
          "rootEmpty": false,
          "_timeout": 2000
        }
      ],
      "passes": [],
      "failures": [],
      "pending": [],
      "skipped": [],
      "duration": 0,
      "root": true,
      "rootEmpty": true,
      "_timeout": 2000
    }
  ],
  "meta": {
    "mocha": {
      "version": "7.1.1"
    },
    "mochawesome": {
      "options": {
        "quiet": true,
        "reportFilename": "mochawesome",
        "saveHtml": true,
        "saveJson": true,
        "consoleReporter": "spec",
        "useInlineDiffs": false
      },
      "version": "4.1.0"
    },
    "marge": {
      "options": {
        "id": "default",
        "reportDir": "cypress/reports/mocha",
        "quiet": true,
        "overwrite": false,
        "html": true,
        "json": true
      },
      "version": "4.1.0"
    }
  }
}