{
  "stats": {
    "suites": 1,
    "tests": 2,
    "passes": 0,
    "pending": 0,
    "failures": 2,
    "start": "2020-03-24T07:07:24.450Z",
    "end": "2020-03-24T07:17:46.099Z",
    "duration": 621649,
    "testsRegistered": 2,
    "passPercent": 0,
    "pendingPercent": 0,
    "other": 0,
    "hasOther": false,
    "skipped": 0,
    "hasSkipped": false
  },
  "results": [
    {
      "uuid": "f90b7411-84d8-4cd9-9a45-f0f0fe90152b",
      "title": "",
      "fullFile": "cypress\\integration\\test\\Schedules.js",
      "file": "cypress\\integration\\test\\Schedules.js",
      "beforeHooks": [],
      "afterHooks": [],
      "tests": [],
      "suites": [
        {
          "uuid": "3a9c8de0-3e25-4570-9bd6-94710a568d8c",
          "title": "Schedules Page",
          "fullFile": "",
          "file": "",
          "beforeHooks": [],
          "afterHooks": [],
          "tests": [
            {
              "title": "Schedules Page",
              "fullTitle": "Schedules Page Schedules Page",
              "timedOut": null,
              "duration": 48745,
              "state": "failed",
              "speed": null,
              "pass": false,
              "fail": true,
              "pending": false,
              "context": null,
              "code": "var createSchedules = new _schedules_scripts[\"default\"]();\ncreateSchedules.saveAs();\ncreateSchedules.enterName('QA Pavel Test'); //createSchedules.enterTag()\ncreateSchedules.choosePeriod();\ncreateSchedules.clickSave();\ncy.percySnapshot();\ncreateSchedules.deleteSchedule();",
              "err": {
                "message": "CypressError: Timed out retrying: Expected to find element: '.dialog-actions > .btn', but never found it.",
                "estack": "CypressError: Timed out retrying: Expected to find element: '.dialog-actions > .btn', but never found it.\n    at cypressErr (https://develop.auroravts.com/__cypress/runner/cypress_runner.js:138644:9)\n    at throwErr (https://develop.auroravts.com/__cypress/runner/cypress_runner.js:138577:11)\n    at Object.throwErrByPath (https://develop.auroravts.com/__cypress/runner/cypress_runner.js:138625:3)\n    at retry (https://develop.auroravts.com/__cypress/runner/cypress_runner.js:132905:19)\n    at onFailFn (https://develop.auroravts.com/__cypress/runner/cypress_runner.js:121122:16)\n    at tryCatcher (https://develop.auroravts.com/__cypress/runner/cypress_runner.js:165465:23)\n    at Promise._settlePromiseFromHandler (https://develop.auroravts.com/__cypress/runner/cypress_runner.js:163401:31)\n    at Promise._settlePromise (https://develop.auroravts.com/__cypress/runner/cypress_runner.js:163458:18)\n    at Promise._settlePromise0 (https://develop.auroravts.com/__cypress/runner/cypress_runner.js:163503:10)\n    at Promise._settlePromises (https://develop.auroravts.com/__cypress/runner/cypress_runner.js:163578:18)\n    at Async../node_modules/bluebird/js/release/async.js.Async._drainQueue (https://develop.auroravts.com/__cypress/runner/cypress_runner.js:160190:16)\n    at Async../node_modules/bluebird/js/release/async.js.Async._drainQueues (https://develop.auroravts.com/__cypress/runner/cypress_runner.js:160200:10)\n    at Async.drainQueues (https://develop.auroravts.com/__cypress/runner/cypress_runner.js:160074:14)",
                "diff": null
              },
              "uuid": "5faf2b95-d653-4cb0-9cb8-44b1b5cfa8a0",
              "parentUUID": "3a9c8de0-3e25-4570-9bd6-94710a568d8c",
              "isHook": false,
              "skipped": false
            },
            {
              "title": "Search by sbedule type",
              "fullTitle": "Schedules Page Search by sbedule type",
              "timedOut": null,
              "duration": 570597,
              "state": "failed",
              "speed": null,
              "pass": false,
              "fail": true,
              "pending": false,
              "context": null,
              "code": "var createSchedules = new _schedules_scripts[\"default\"]();\ncreateSchedules.saveAs();\ncreateSchedules.enterName('QA Pavel');\ncreateSchedules.choosePeriod(); //createSchedules.enterTag()\ncreateSchedules.clickSave(); //createSchedules.searchTag()\ncreateSchedules.searchScheduleType();\ncreateSchedules.appluSearch();\ncy.percySnapshot();\ncreateSchedules.deleteafterSearch();",
              "err": {
                "message": "Uncaught Error: Script error.\n\nCypress detected that an uncaught error was thrown from a cross origin script.\n\nWe cannot provide you the stack trace, line number, or file where this error occurred.\n\nCheck your Developer Tools Console for the actual error - it should be printed there.\n\nIt's possible to enable debugging these scripts by adding the 'crossorigin' attribute and setting a CORS header.\n\nhttps://on.cypress.io/cross-origin-script-error\n\nThis error originated from your application code, not from Cypress.\n\nWhen Cypress detects uncaught errors originating from your application it will automatically fail the current test.\n\nThis behavior is configurable, and you can choose to turn this off by listening to the 'uncaught:exception' event.\n\nhttps://on.cypress.io/uncaught-exception-from-application",
                "estack": "Uncaught Error: Script error.\n\nCypress detected that an uncaught error was thrown from a cross origin script.\n\nWe cannot provide you the stack trace, line number, or file where this error occurred.\n\nCheck your Developer Tools Console for the actual error - it should be printed there.\n\nIt's possible to enable debugging these scripts by adding the 'crossorigin' attribute and setting a CORS header.\n\nhttps://on.cypress.io/cross-origin-script-error\n\nThis error originated from your application code, not from Cypress.\n\nWhen Cypress detects uncaught errors originating from your application it will automatically fail the current test.\n\nThis behavior is configurable, and you can choose to turn this off by listening to the 'uncaught:exception' event.\n\nhttps://on.cypress.io/uncaught-exception-from-application\n    at createErrFromMsg (https://develop.auroravts.com/__cypress/runner/cypress_runner.js:130530:14)\n    at Object.createUncaughtException (https://develop.auroravts.com/__cypress/runner/cypress_runner.js:130535:13)\n    at Object.onUncaughtException (https://develop.auroravts.com/__cypress/runner/cypress_runner.js:137789:24)\n    at onTopError (https://develop.auroravts.com/__cypress/runner/cypress_runner.js:136803:38)",
                "diff": null
              },
              "uuid": "1299fb58-0816-4759-848f-616d71b8a454",
              "parentUUID": "3a9c8de0-3e25-4570-9bd6-94710a568d8c",
              "isHook": false,
              "skipped": false
            }
          ],
          "suites": [],
          "passes": [],
          "failures": [
            "5faf2b95-d653-4cb0-9cb8-44b1b5cfa8a0",
            "1299fb58-0816-4759-848f-616d71b8a454"
          ],
          "pending": [],
          "skipped": [],
          "duration": 619342,
          "root": false,
          "rootEmpty": false,
          "_timeout": 2000
        }
      ],
      "passes": [],
      "failures": [],
      "pending": [],
      "skipped": [],
      "duration": 0,
      "root": true,
      "rootEmpty": true,
      "_timeout": 2000
    }
  ],
  "meta": {
    "mocha": {
      "version": "7.1.1"
    },
    "mochawesome": {
      "options": {
        "quiet": true,
        "reportFilename": "mochawesome",
        "saveHtml": true,
        "saveJson": true,
        "consoleReporter": "spec",
        "useInlineDiffs": false
      },
      "version": "4.1.0"
    },
    "marge": {
      "options": {
        "id": "default",
        "reportDir": "cypress/reports/mocha",
        "quiet": true,
        "overwrite": false,
        "html": true,
        "json": true
      },
      "version": "4.1.0"
    }
  }
}