{
  "stats": {
    "suites": 1,
    "tests": 1,
    "passes": 1,
    "pending": 0,
    "failures": 0,
    "start": "2020-04-07T15:24:40.148Z",
    "end": "2020-04-07T15:25:14.703Z",
    "duration": 34555,
    "testsRegistered": 1,
    "passPercent": 100,
    "pendingPercent": 0,
    "other": 0,
    "hasOther": false,
    "skipped": 0,
    "hasSkipped": false
  },
  "results": [
    {
      "uuid": "e023011e-9df6-4417-a27e-1b24036182c8",
      "title": "",
      "fullFile": "cypress\\integration\\test\\Reports.js",
      "file": "cypress\\integration\\test\\Reports.js",
      "beforeHooks": [],
      "afterHooks": [],
      "tests": [],
      "suites": [
        {
          "uuid": "121b4323-1ade-4b3f-a376-fe08b95e8719",
          "title": "Report Page",
          "fullFile": "",
          "file": "",
          "beforeHooks": [],
          "afterHooks": [],
          "tests": [
            {
              "title": "Generate Report",
              "fullTitle": "Report Page Generate Report",
              "timedOut": null,
              "duration": 32280,
              "state": "passed",
              "speed": "slow",
              "pass": true,
              "fail": false,
              "pending": false,
              "context": null,
              "code": "var generateReport = new _reports_scripts[\"default\"]();\ngenerateReport.visitReportPage();\ngenerateReport.selectDemoblock();\ngenerateReport.selectTSV();\ngenerateReport.selectSchedule();\ngenerateReport.selectPeriod();\ngenerateReport.gererateReport();\ncy.percySnapshot();",
              "err": {},
              "uuid": "f5c5cd94-4499-41b0-8107-3e09304d6048",
              "parentUUID": "121b4323-1ade-4b3f-a376-fe08b95e8719",
              "isHook": false,
              "skipped": false
            }
          ],
          "suites": [],
          "passes": [
            "f5c5cd94-4499-41b0-8107-3e09304d6048"
          ],
          "failures": [],
          "pending": [],
          "skipped": [],
          "duration": 32280,
          "root": false,
          "rootEmpty": false,
          "_timeout": 2000
        }
      ],
      "passes": [],
      "failures": [],
      "pending": [],
      "skipped": [],
      "duration": 0,
      "root": true,
      "rootEmpty": true,
      "_timeout": 2000
    }
  ],
  "meta": {
    "mocha": {
      "version": "7.1.1"
    },
    "mochawesome": {
      "options": {
        "quiet": true,
        "reportFilename": "mochawesome",
        "saveHtml": true,
        "saveJson": true,
        "consoleReporter": "spec",
        "useInlineDiffs": false
      },
      "version": "4.1.0"
    },
    "marge": {
      "options": {
        "id": "default",
        "reportDir": "cypress/reports/mocha",
        "quiet": true,
        "overwrite": false,
        "html": true,
        "json": true
      },
      "version": "4.1.0"
    }
  }
}