{
  "stats": {
    "suites": 1,
    "tests": 2,
    "passes": 2,
    "pending": 0,
    "failures": 0,
    "start": "2020-03-22T15:02:21.132Z",
    "end": "2020-03-22T15:04:03.384Z",
    "duration": 102252,
    "testsRegistered": 2,
    "passPercent": 100,
    "pendingPercent": 0,
    "other": 0,
    "hasOther": false,
    "skipped": 0,
    "hasSkipped": false
  },
  "results": [
    {
      "uuid": "d2a1a4d4-a9c5-4fe0-b0ff-99b45c612100",
      "title": "",
      "fullFile": "cypress\\integration\\test\\Schedules.js",
      "file": "cypress\\integration\\test\\Schedules.js",
      "beforeHooks": [],
      "afterHooks": [],
      "tests": [],
      "suites": [
        {
          "uuid": "c8a8f0c5-c267-4508-a34a-61b5bea65468",
          "title": "Schedules Page",
          "fullFile": "",
          "file": "",
          "beforeHooks": [],
          "afterHooks": [],
          "tests": [
            {
              "title": "Schedules Page",
              "fullTitle": "Schedules Page Schedules Page",
              "timedOut": null,
              "duration": 59755,
              "state": "passed",
              "speed": "slow",
              "pass": true,
              "fail": false,
              "pending": false,
              "context": null,
              "code": "var createSchedules = new _schedules_scripts[\"default\"]();\ncreateSchedules.saveAs();\ncreateSchedules.enterName('QA Pavel Test'); //createSchedules.enterTag()\ncreateSchedules.choosePeriod();\ncreateSchedules.clickSave();\ncreateSchedules.deleteSchedule();",
              "err": {},
              "uuid": "663bdb09-fc08-4b69-bd4a-fe44149cb2d7",
              "parentUUID": "c8a8f0c5-c267-4508-a34a-61b5bea65468",
              "isHook": false,
              "skipped": false
            },
            {
              "title": "Search by sbedule type",
              "fullTitle": "Schedules Page Search by sbedule type",
              "timedOut": null,
              "duration": 40518,
              "state": "passed",
              "speed": "slow",
              "pass": true,
              "fail": false,
              "pending": false,
              "context": null,
              "code": "var createSchedules = new _schedules_scripts[\"default\"]();\ncreateSchedules.saveAs();\ncreateSchedules.enterName('QA Pavel');\ncreateSchedules.choosePeriod(); //createSchedules.enterTag()\ncreateSchedules.clickSave(); //createSchedules.searchTag()\ncreateSchedules.searchScheduleType();\ncreateSchedules.appluSearch();\ncreateSchedules.deleteafterSearch();",
              "err": {},
              "uuid": "d58b1439-020a-4cd5-b32c-75590d67f95f",
              "parentUUID": "c8a8f0c5-c267-4508-a34a-61b5bea65468",
              "isHook": false,
              "skipped": false
            }
          ],
          "suites": [],
          "passes": [
            "663bdb09-fc08-4b69-bd4a-fe44149cb2d7",
            "d58b1439-020a-4cd5-b32c-75590d67f95f"
          ],
          "failures": [],
          "pending": [],
          "skipped": [],
          "duration": 100273,
          "root": false,
          "rootEmpty": false,
          "_timeout": 2000
        }
      ],
      "passes": [],
      "failures": [],
      "pending": [],
      "skipped": [],
      "duration": 0,
      "root": true,
      "rootEmpty": true,
      "_timeout": 2000
    }
  ],
  "meta": {
    "mocha": {
      "version": "7.1.1"
    },
    "mochawesome": {
      "options": {
        "quiet": true,
        "reportFilename": "mochawesome",
        "saveHtml": true,
        "saveJson": true,
        "consoleReporter": "spec",
        "useInlineDiffs": false
      },
      "version": "4.1.0"
    },
    "marge": {
      "options": {
        "id": "default",
        "reportDir": "cypress/reports/mocha",
        "quiet": true,
        "overwrite": false,
        "html": true,
        "json": true
      },
      "version": "4.1.0"
    }
  }
}