{
  "stats": {
    "suites": 1,
    "tests": 2,
    "passes": 2,
    "pending": 0,
    "failures": 0,
    "start": "2020-03-27T12:46:45.087Z",
    "end": "2020-03-27T12:48:19.653Z",
    "duration": 94566,
    "testsRegistered": 2,
    "passPercent": 100,
    "pendingPercent": 0,
    "other": 0,
    "hasOther": false,
    "skipped": 0,
    "hasSkipped": false
  },
  "results": [
    {
      "uuid": "825661fd-71f7-413e-a784-a4340089bb4c",
      "title": "",
      "fullFile": "cypress\\integration\\test\\References.js",
      "file": "cypress\\integration\\test\\References.js",
      "beforeHooks": [],
      "afterHooks": [],
      "tests": [],
      "suites": [
        {
          "uuid": "362df399-d270-418d-9929-c23acf6936e4",
          "title": "Reference Page",
          "fullFile": "",
          "file": "",
          "beforeHooks": [],
          "afterHooks": [],
          "tests": [
            {
              "title": "Create Reference",
              "fullTitle": "Reference Page Create Reference",
              "timedOut": null,
              "duration": 39674,
              "state": "passed",
              "speed": "slow",
              "pass": true,
              "fail": false,
              "pending": false,
              "context": null,
              "code": "var references = new _refernces_scripts[\"default\"]();\nreferences.visitReferencesPage();\nreferences.addReference();\nreferences.findReference();\nreferences.deleteReference();",
              "err": {},
              "uuid": "1fd00cb1-d656-48be-a801-06d4321d87b6",
              "parentUUID": "362df399-d270-418d-9929-c23acf6936e4",
              "isHook": false,
              "skipped": false
            },
            {
              "title": "Create Reference",
              "fullTitle": "Reference Page Create Reference",
              "timedOut": null,
              "duration": 52915,
              "state": "passed",
              "speed": "slow",
              "pass": true,
              "fail": false,
              "pending": false,
              "context": null,
              "code": "var references = new _refernces_scripts[\"default\"]();\nreferences.visitReferencesPage();\nreferences.addReference();\nreferences.findReference();\nreferences.addLinks();\nreferences.actualsPage();\nreferences.deleteReference();",
              "err": {},
              "uuid": "8f2bcb75-a319-4f34-a385-4398d1a9f3ba",
              "parentUUID": "362df399-d270-418d-9929-c23acf6936e4",
              "isHook": false,
              "skipped": false
            }
          ],
          "suites": [],
          "passes": [
            "1fd00cb1-d656-48be-a801-06d4321d87b6",
            "8f2bcb75-a319-4f34-a385-4398d1a9f3ba"
          ],
          "failures": [],
          "pending": [],
          "skipped": [],
          "duration": 92589,
          "root": false,
          "rootEmpty": false,
          "_timeout": 2000
        }
      ],
      "passes": [],
      "failures": [],
      "pending": [],
      "skipped": [],
      "duration": 0,
      "root": true,
      "rootEmpty": true,
      "_timeout": 2000
    }
  ],
  "meta": {
    "mocha": {
      "version": "7.1.1"
    },
    "mochawesome": {
      "options": {
        "quiet": true,
        "reportFilename": "mochawesome",
        "saveHtml": true,
        "saveJson": true,
        "consoleReporter": "spec",
        "useInlineDiffs": false
      },
      "version": "4.1.0"
    },
    "marge": {
      "options": {
        "id": "default",
        "reportDir": "cypress/reports/mocha",
        "quiet": true,
        "overwrite": false,
        "html": true,
        "json": true
      },
      "version": "4.1.0"
    }
  }
}