{
  "stats": {
    "suites": 1,
    "tests": 1,
    "passes": 0,
    "pending": 0,
    "failures": 1,
    "start": "2020-05-19T11:26:59.777Z",
    "end": "2020-05-19T11:27:48.256Z",
    "duration": 48479,
    "testsRegistered": 1,
    "passPercent": 0,
    "pendingPercent": 0,
    "other": 0,
    "hasOther": false,
    "skipped": 0,
    "hasSkipped": false
  },
  "results": [
    {
      "uuid": "7cb0e852-30d8-4a23-8933-c405fc80a170",
      "title": "",
      "fullFile": "cypress\\integration\\Spain\\ScheduleDetails.js",
      "file": "cypress\\integration\\Spain\\ScheduleDetails.js",
      "beforeHooks": [],
      "afterHooks": [],
      "tests": [],
      "suites": [
        {
          "uuid": "886ca60d-52c2-4148-b100-464623fffbf4",
          "title": "Schedules Page",
          "fullFile": "",
          "file": "",
          "beforeHooks": [],
          "afterHooks": [],
          "tests": [
            {
              "title": "Projection Entire File",
              "fullTitle": "Schedules Page Projection Entire File",
              "timedOut": null,
              "duration": 48367,
              "state": "failed",
              "speed": null,
              "pass": false,
              "fail": true,
              "pending": false,
              "context": null,
              "code": "var schedulesDetails = new _SD_scipts[\"default\"]();\nschedulesDetails.enterToSchedule();\nschedulesDetails.lockSchedules();\nschedulesDetails.projection();",
              "err": {
                "message": "CypressError: Timed out retrying: cy.click() failed because this element is detached from the DOM.\n\n<button _ngcontent-jug-c43=\"\" class=\"btn mat-button mat-raised-button mat-button-base mat-warn ng-star-inserted\" color=\"warn\" mat-raised-button=\"\" style=\"\">...</button>\n\nCypress requires elements be attached in the DOM to interact with them.\n\nThe previous command that ran was:\n\n  > cy.get()\n\nThis DOM element likely became detached somewhere between the previous and current command.\n\nCommon situations why this happens:\n  - Your JS framework re-rendered asynchronously\n  - Your app code reacted to an event firing and removed the element\n\nYou typically need to re-query for the element or add 'guards' which delay Cypress from running new commands.\n\nhttps://on.cypress.io/element-has-detached-from-dom",
                "estack": "CypressError: Timed out retrying: cy.click() failed because this element is detached from the DOM.\n\n<button _ngcontent-jug-c43=\"\" class=\"btn mat-button mat-raised-button mat-button-base mat-warn ng-star-inserted\" color=\"warn\" mat-raised-button=\"\" style=\"\">...</button>\n\nCypress requires elements be attached in the DOM to interact with them.\n\nThe previous command that ran was:\n\n  > cy.get()\n\nThis DOM element likely became detached somewhere between the previous and current command.\n\nCommon situations why this happens:\n  - Your JS framework re-rendered asynchronously\n  - Your app code reacted to an event firing and removed the element\n\nYou typically need to re-query for the element or add 'guards' which delay Cypress from running new commands.\n\nhttps://on.cypress.io/element-has-detached-from-dom\n    at cypressErr (https://develop.auroravts.com/__cypress/runner/cypress_runner.js:138644:9)\n    at throwErr (https://develop.auroravts.com/__cypress/runner/cypress_runner.js:138577:11)\n    at Object.throwErrByPath (https://develop.auroravts.com/__cypress/runner/cypress_runner.js:138625:3)\n    at Object.retry (https://develop.auroravts.com/__cypress/runner/cypress_runner.js:132905:19)\n    at retryActionability (https://develop.auroravts.com/__cypress/runner/cypress_runner.js:120726:19)\n    at tryCatcher (https://develop.auroravts.com/__cypress/runner/cypress_runner.js:165465:23)\n    at Function.Promise.attempt.Promise.try (https://develop.auroravts.com/__cypress/runner/cypress_runner.js:162740:29)\n    at tryFn (https://develop.auroravts.com/__cypress/runner/cypress_runner.js:133369:21)\n    at whenStable (https://develop.auroravts.com/__cypress/runner/cypress_runner.js:133404:12)\n    at https://develop.auroravts.com/__cypress/runner/cypress_runner.js:132948:16\n    at tryCatcher (https://develop.auroravts.com/__cypress/runner/cypress_runner.js:165465:23)\n    at Promise._settlePromiseFromHandler (https://develop.auroravts.com/__cypress/runner/cypress_runner.js:163401:31)\n    at Promise._settlePromise (https://develop.auroravts.com/__cypress/runner/cypress_runner.js:163458:18)\n    at Promise._settlePromise0 (https://develop.auroravts.com/__cypress/runner/cypress_runner.js:163503:10)\n    at Promise._settlePromises (https://develop.auroravts.com/__cypress/runner/cypress_runner.js:163582:18)\n    at Promise._fulfill (https://develop.auroravts.com/__cypress/runner/cypress_runner.js:163527:18)",
                "diff": null
              },
              "uuid": "d52f1d2e-92c0-494f-b2d8-48f62a7eb71e",
              "parentUUID": "886ca60d-52c2-4148-b100-464623fffbf4",
              "isHook": false,
              "skipped": false
            }
          ],
          "suites": [],
          "passes": [],
          "failures": [
            "d52f1d2e-92c0-494f-b2d8-48f62a7eb71e"
          ],
          "pending": [],
          "skipped": [],
          "duration": 48367,
          "root": false,
          "rootEmpty": false,
          "_timeout": 2000
        }
      ],
      "passes": [],
      "failures": [],
      "pending": [],
      "skipped": [],
      "duration": 0,
      "root": true,
      "rootEmpty": true,
      "_timeout": 2000
    }
  ],
  "meta": {
    "mocha": {
      "version": "7.1.1"
    },
    "mochawesome": {
      "options": {
        "quiet": true,
        "reportFilename": "mochawesome",
        "saveHtml": true,
        "saveJson": true,
        "consoleReporter": "spec",
        "useInlineDiffs": false
      },
      "version": "4.1.0"
    },
    "marge": {
      "options": {
        "id": "default",
        "reportDir": "cypress/reports/mocha",
        "quiet": true,
        "overwrite": false,
        "html": true,
        "json": true
      },
      "version": "4.1.0"
    }
  }
}