{
  "stats": {
    "suites": 1,
    "tests": 1,
    "passes": 1,
    "pending": 0,
    "failures": 0,
    "start": "2020-03-23T15:20:51.583Z",
    "end": "2020-03-23T15:21:22.244Z",
    "duration": 30661,
    "testsRegistered": 1,
    "passPercent": 100,
    "pendingPercent": 0,
    "other": 0,
    "hasOther": false,
    "skipped": 0,
    "hasSkipped": false
  },
  "results": [
    {
      "uuid": "7f249953-314b-4907-bbb4-fa03ebb06cd5",
      "title": "",
      "fullFile": "cypress\\integration\\test\\Reports.js",
      "file": "cypress\\integration\\test\\Reports.js",
      "beforeHooks": [],
      "afterHooks": [],
      "tests": [],
      "suites": [
        {
          "uuid": "b6761755-cc2b-4d1f-9b33-f4f91ace6242",
          "title": "Report Page",
          "fullFile": "",
          "file": "",
          "beforeHooks": [],
          "afterHooks": [],
          "tests": [
            {
              "title": "Generate Report",
              "fullTitle": "Report Page Generate Report",
              "timedOut": null,
              "duration": 28751,
              "state": "passed",
              "speed": "slow",
              "pass": true,
              "fail": false,
              "pending": false,
              "context": null,
              "code": "var generateReport = new _reports_scripts[\"default\"]();\ngenerateReport.visitReportPage();\ngenerateReport.selectDemoblock();\ngenerateReport.selectTSV();\ngenerateReport.selectSchedule();\ngenerateReport.selectPeriod();\ngenerateReport.gererateReport();",
              "err": {},
              "uuid": "14dfefa5-8ba2-4c2b-be28-b93d530b97a4",
              "parentUUID": "b6761755-cc2b-4d1f-9b33-f4f91ace6242",
              "isHook": false,
              "skipped": false
            }
          ],
          "suites": [],
          "passes": [
            "14dfefa5-8ba2-4c2b-be28-b93d530b97a4"
          ],
          "failures": [],
          "pending": [],
          "skipped": [],
          "duration": 28751,
          "root": false,
          "rootEmpty": false,
          "_timeout": 2000
        }
      ],
      "passes": [],
      "failures": [],
      "pending": [],
      "skipped": [],
      "duration": 0,
      "root": true,
      "rootEmpty": true,
      "_timeout": 2000
    }
  ],
  "meta": {
    "mocha": {
      "version": "7.1.1"
    },
    "mochawesome": {
      "options": {
        "quiet": true,
        "reportFilename": "mochawesome",
        "saveHtml": true,
        "saveJson": true,
        "consoleReporter": "spec",
        "useInlineDiffs": false
      },
      "version": "4.1.0"
    },
    "marge": {
      "options": {
        "id": "default",
        "reportDir": "cypress/reports/mocha",
        "quiet": true,
        "overwrite": false,
        "html": true,
        "json": true
      },
      "version": "4.1.0"
    }
  }
}