{
  "stats": {
    "suites": 1,
    "tests": 1,
    "passes": 1,
    "pending": 0,
    "failures": 0,
    "start": "2020-04-07T15:25:19.105Z",
    "end": "2020-04-07T15:26:16.481Z",
    "duration": 57376,
    "testsRegistered": 1,
    "passPercent": 100,
    "pendingPercent": 0,
    "other": 0,
    "hasOther": false,
    "skipped": 0,
    "hasSkipped": false
  },
  "results": [
    {
      "uuid": "39877b84-d3eb-4484-8e5a-4411e85ee232",
      "title": "",
      "fullFile": "cypress\\integration\\test\\ScheduleDetails.js",
      "file": "cypress\\integration\\test\\ScheduleDetails.js",
      "beforeHooks": [],
      "afterHooks": [],
      "tests": [],
      "suites": [
        {
          "uuid": "fa12bf71-f93b-4b74-86b6-73dfc5dc47c7",
          "title": "Schedules Page",
          "fullFile": "",
          "file": "",
          "beforeHooks": [],
          "afterHooks": [],
          "tests": [
            {
              "title": "Projection Entire File",
              "fullTitle": "Schedules Page Projection Entire File",
              "timedOut": null,
              "duration": 55242,
              "state": "passed",
              "speed": "slow",
              "pass": true,
              "fail": false,
              "pending": false,
              "context": null,
              "code": "var schedulesDetails = new _SD_scipts[\"default\"]();\nschedulesDetails.enterToSchedule();\nschedulesDetails.lockSchedules();\nschedulesDetails.projection();",
              "err": {},
              "uuid": "65455dfc-3fa8-425d-ab5f-ceb5d4173a62",
              "parentUUID": "fa12bf71-f93b-4b74-86b6-73dfc5dc47c7",
              "isHook": false,
              "skipped": false
            }
          ],
          "suites": [],
          "passes": [
            "65455dfc-3fa8-425d-ab5f-ceb5d4173a62"
          ],
          "failures": [],
          "pending": [],
          "skipped": [],
          "duration": 55242,
          "root": false,
          "rootEmpty": false,
          "_timeout": 2000
        }
      ],
      "passes": [],
      "failures": [],
      "pending": [],
      "skipped": [],
      "duration": 0,
      "root": true,
      "rootEmpty": true,
      "_timeout": 2000
    }
  ],
  "meta": {
    "mocha": {
      "version": "7.1.1"
    },
    "mochawesome": {
      "options": {
        "quiet": true,
        "reportFilename": "mochawesome",
        "saveHtml": true,
        "saveJson": true,
        "consoleReporter": "spec",
        "useInlineDiffs": false
      },
      "version": "4.1.0"
    },
    "marge": {
      "options": {
        "id": "default",
        "reportDir": "cypress/reports/mocha",
        "quiet": true,
        "overwrite": false,
        "html": true,
        "json": true
      },
      "version": "4.1.0"
    }
  }
}