{
  "stats": {
    "suites": 1,
    "tests": 2,
    "passes": 2,
    "pending": 0,
    "failures": 0,
    "start": "2020-03-25T08:17:23.764Z",
    "end": "2020-03-25T08:18:58.480Z",
    "duration": 94716,
    "testsRegistered": 2,
    "passPercent": 100,
    "pendingPercent": 0,
    "other": 0,
    "hasOther": false,
    "skipped": 0,
    "hasSkipped": false
  },
  "results": [
    {
      "uuid": "88accfcc-4dc7-4cee-869b-a0a3259a3118",
      "title": "",
      "fullFile": "cypress\\integration\\test\\Schedules.js",
      "file": "cypress\\integration\\test\\Schedules.js",
      "beforeHooks": [],
      "afterHooks": [],
      "tests": [],
      "suites": [
        {
          "uuid": "a7ff85ff-3f3c-4661-adee-126e9d241688",
          "title": "Schedules Page",
          "fullFile": "",
          "file": "",
          "beforeHooks": [],
          "afterHooks": [],
          "tests": [
            {
              "title": "Schedules Page",
              "fullTitle": "Schedules Page Schedules Page",
              "timedOut": null,
              "duration": 46935,
              "state": "passed",
              "speed": "slow",
              "pass": true,
              "fail": false,
              "pending": false,
              "context": null,
              "code": "var createSchedules = new _schedules_scripts[\"default\"]();\ncreateSchedules.saveAs();\ncreateSchedules.enterName('QA Pavel Test'); //createSchedules.enterTag()\ncreateSchedules.choosePeriod();\ncreateSchedules.clickSave();\ncy.percySnapshot();\ncreateSchedules.deleteSchedule();",
              "err": {},
              "uuid": "6c41d293-1c06-4a65-ab00-a5e5b26b3e94",
              "parentUUID": "a7ff85ff-3f3c-4661-adee-126e9d241688",
              "isHook": false,
              "skipped": false
            },
            {
              "title": "Search by schedule type",
              "fullTitle": "Schedules Page Search by schedule type",
              "timedOut": null,
              "duration": 44223,
              "state": "passed",
              "speed": "slow",
              "pass": true,
              "fail": false,
              "pending": false,
              "context": null,
              "code": "var createSchedules = new _schedules_scripts[\"default\"]();\ncreateSchedules.saveAs();\ncreateSchedules.enterName('QA Pavel');\ncreateSchedules.choosePeriod(); //createSchedules.enterTag()\ncreateSchedules.clickSave(); //createSchedules.searchTag()\ncreateSchedules.searchScheduleType();\ncreateSchedules.appluSearch();\ncy.percySnapshot();\ncreateSchedules.deleteafterSearch();",
              "err": {},
              "uuid": "9368bb60-9623-4078-b3b4-383b4937812c",
              "parentUUID": "a7ff85ff-3f3c-4661-adee-126e9d241688",
              "isHook": false,
              "skipped": false
            }
          ],
          "suites": [],
          "passes": [
            "6c41d293-1c06-4a65-ab00-a5e5b26b3e94",
            "9368bb60-9623-4078-b3b4-383b4937812c"
          ],
          "failures": [],
          "pending": [],
          "skipped": [],
          "duration": 91158,
          "root": false,
          "rootEmpty": false,
          "_timeout": 2000
        }
      ],
      "passes": [],
      "failures": [],
      "pending": [],
      "skipped": [],
      "duration": 0,
      "root": true,
      "rootEmpty": true,
      "_timeout": 2000
    }
  ],
  "meta": {
    "mocha": {
      "version": "7.1.1"
    },
    "mochawesome": {
      "options": {
        "quiet": true,
        "reportFilename": "mochawesome",
        "saveHtml": true,
        "saveJson": true,
        "consoleReporter": "spec",
        "useInlineDiffs": false
      },
      "version": "4.1.0"
    },
    "marge": {
      "options": {
        "id": "default",
        "reportDir": "cypress/reports/mocha",
        "quiet": true,
        "overwrite": false,
        "html": true,
        "json": true
      },
      "version": "4.1.0"
    }
  }
}