{
  "stats": {
    "suites": 1,
    "tests": 2,
    "passes": 0,
    "pending": 0,
    "failures": 2,
    "start": "2020-03-25T07:27:47.060Z",
    "end": "2020-03-25T07:29:11.698Z",
    "duration": 84638,
    "testsRegistered": 2,
    "passPercent": 0,
    "pendingPercent": 0,
    "other": 0,
    "hasOther": false,
    "skipped": 0,
    "hasSkipped": false
  },
  "results": [
    {
      "uuid": "bcbd88a7-9696-4a50-96a2-b77d9d0771ff",
      "title": "",
      "fullFile": "cypress\\integration\\test\\Schedules.js",
      "file": "cypress\\integration\\test\\Schedules.js",
      "beforeHooks": [],
      "afterHooks": [],
      "tests": [],
      "suites": [
        {
          "uuid": "e80cc217-27d1-49e6-84fe-587b41ffc44e",
          "title": "Schedules Page",
          "fullFile": "",
          "file": "",
          "beforeHooks": [],
          "afterHooks": [],
          "tests": [
            {
              "title": "Schedules Page",
              "fullTitle": "Schedules Page Schedules Page",
              "timedOut": null,
              "duration": 39943,
              "state": "failed",
              "speed": null,
              "pass": false,
              "fail": true,
              "pending": false,
              "context": null,
              "code": "var createSchedules = new _schedules_scripts[\"default\"]();\ncreateSchedules.saveAs();\ncreateSchedules.enterName('QA Pavel Test'); //createSchedules.enterTag()\ncreateSchedules.choosePeriod();\ncreateSchedules.clickSave();\ncy.percySnapshot();\ncreateSchedules.deleteSchedule();",
              "err": {
                "message": "CypressError: cy.task('percyHealthCheck') failed with the following error:\n\nThe 'task' event has not been registered in the plugins file. You must register it before using cy.task()\n\nFix this in your plugins file here:\nD:\\Pavel Zuyonok\\Applitools\\cypress\\plugins\\index.js\n\nhttps://on.cypress.io/api/task",
                "estack": "CypressError: cy.task('percyHealthCheck') failed with the following error:\n\nThe 'task' event has not been registered in the plugins file. You must register it before using cy.task()\n\nFix this in your plugins file here:\nD:\\Pavel Zuyonok\\Applitools\\cypress\\plugins\\index.js\n\nhttps://on.cypress.io/api/task\n    at cypressErr (https://develop.auroravts.com/__cypress/runner/cypress_runner.js:138644:9)\n    at throwErr (https://develop.auroravts.com/__cypress/runner/cypress_runner.js:138577:11)\n    at Object.throwErrByPath (https://develop.auroravts.com/__cypress/runner/cypress_runner.js:138625:3)\n    at https://develop.auroravts.com/__cypress/runner/cypress_runner.js:129045:21\n    at tryCatcher (https://develop.auroravts.com/__cypress/runner/cypress_runner.js:165465:23)\n    at Promise._settlePromiseFromHandler (https://develop.auroravts.com/__cypress/runner/cypress_runner.js:163401:31)\n    at Promise._settlePromise (https://develop.auroravts.com/__cypress/runner/cypress_runner.js:163458:18)\n    at Promise._settlePromise0 (https://develop.auroravts.com/__cypress/runner/cypress_runner.js:163503:10)\n    at Promise._settlePromises (https://develop.auroravts.com/__cypress/runner/cypress_runner.js:163578:18)\n    at Async../node_modules/bluebird/js/release/async.js.Async._drainQueue (https://develop.auroravts.com/__cypress/runner/cypress_runner.js:160190:16)\n    at Async../node_modules/bluebird/js/release/async.js.Async._drainQueues (https://develop.auroravts.com/__cypress/runner/cypress_runner.js:160200:10)\n    at Async.drainQueues (https://develop.auroravts.com/__cypress/runner/cypress_runner.js:160074:14)",
                "diff": null
              },
              "uuid": "110864cf-e757-41ef-965d-8b1484daf267",
              "parentUUID": "e80cc217-27d1-49e6-84fe-587b41ffc44e",
              "isHook": false,
              "skipped": false
            },
            {
              "title": "Search by schedule type",
              "fullTitle": "Schedules Page Search by schedule type",
              "timedOut": null,
              "duration": 42743,
              "state": "failed",
              "speed": null,
              "pass": false,
              "fail": true,
              "pending": false,
              "context": null,
              "code": "var createSchedules = new _schedules_scripts[\"default\"]();\ncreateSchedules.saveAs();\ncreateSchedules.enterName('QA Pavel');\ncreateSchedules.choosePeriod(); //createSchedules.enterTag()\ncreateSchedules.clickSave(); //createSchedules.searchTag()\ncreateSchedules.searchScheduleType();\ncreateSchedules.appluSearch();\ncy.percySnapshot();\ncreateSchedules.deleteafterSearch();",
              "err": {
                "message": "CypressError: cy.task('percyHealthCheck') failed with the following error:\n\nThe 'task' event has not been registered in the plugins file. You must register it before using cy.task()\n\nFix this in your plugins file here:\nD:\\Pavel Zuyonok\\Applitools\\cypress\\plugins\\index.js\n\nhttps://on.cypress.io/api/task",
                "estack": "CypressError: cy.task('percyHealthCheck') failed with the following error:\n\nThe 'task' event has not been registered in the plugins file. You must register it before using cy.task()\n\nFix this in your plugins file here:\nD:\\Pavel Zuyonok\\Applitools\\cypress\\plugins\\index.js\n\nhttps://on.cypress.io/api/task\n    at cypressErr (https://develop.auroravts.com/__cypress/runner/cypress_runner.js:138644:9)\n    at throwErr (https://develop.auroravts.com/__cypress/runner/cypress_runner.js:138577:11)\n    at Object.throwErrByPath (https://develop.auroravts.com/__cypress/runner/cypress_runner.js:138625:3)\n    at https://develop.auroravts.com/__cypress/runner/cypress_runner.js:129045:21\n    at tryCatcher (https://develop.auroravts.com/__cypress/runner/cypress_runner.js:165465:23)\n    at Promise._settlePromiseFromHandler (https://develop.auroravts.com/__cypress/runner/cypress_runner.js:163401:31)\n    at Promise._settlePromise (https://develop.auroravts.com/__cypress/runner/cypress_runner.js:163458:18)\n    at Promise._settlePromise0 (https://develop.auroravts.com/__cypress/runner/cypress_runner.js:163503:10)\n    at Promise._settlePromises (https://develop.auroravts.com/__cypress/runner/cypress_runner.js:163578:18)\n    at Async../node_modules/bluebird/js/release/async.js.Async._drainQueue (https://develop.auroravts.com/__cypress/runner/cypress_runner.js:160190:16)\n    at Async../node_modules/bluebird/js/release/async.js.Async._drainQueues (https://develop.auroravts.com/__cypress/runner/cypress_runner.js:160200:10)\n    at Async.drainQueues (https://develop.auroravts.com/__cypress/runner/cypress_runner.js:160074:14)",
                "diff": null
              },
              "uuid": "ad056984-75a6-4d19-94be-80b667f4ccfc",
              "parentUUID": "e80cc217-27d1-49e6-84fe-587b41ffc44e",
              "isHook": false,
              "skipped": false
            }
          ],
          "suites": [],
          "passes": [],
          "failures": [
            "110864cf-e757-41ef-965d-8b1484daf267",
            "ad056984-75a6-4d19-94be-80b667f4ccfc"
          ],
          "pending": [],
          "skipped": [],
          "duration": 82686,
          "root": false,
          "rootEmpty": false,
          "_timeout": 2000
        }
      ],
      "passes": [],
      "failures": [],
      "pending": [],
      "skipped": [],
      "duration": 0,
      "root": true,
      "rootEmpty": true,
      "_timeout": 2000
    }
  ],
  "meta": {
    "mocha": {
      "version": "7.1.1"
    },
    "mochawesome": {
      "options": {
        "quiet": true,
        "reportFilename": "mochawesome",
        "saveHtml": true,
        "saveJson": true,
        "consoleReporter": "spec",
        "useInlineDiffs": false
      },
      "version": "4.1.0"
    },
    "marge": {
      "options": {
        "id": "default",
        "reportDir": "cypress/reports/mocha",
        "quiet": true,
        "overwrite": false,
        "html": true,
        "json": true
      },
      "version": "4.1.0"
    }
  }
}