{
  "stats": {
    "suites": 1,
    "tests": 1,
    "passes": 1,
    "pending": 0,
    "failures": 0,
    "start": "2020-04-20T14:05:27.936Z",
    "end": "2020-04-20T14:06:39.142Z",
    "duration": 71206,
    "testsRegistered": 1,
    "passPercent": 100,
    "pendingPercent": 0,
    "other": 0,
    "hasOther": false,
    "skipped": 0,
    "hasSkipped": false
  },
  "results": [
    {
      "uuid": "7a657c52-ec68-4788-8324-4c8fe851bc4e",
      "title": "",
      "fullFile": "cypress\\integration\\test\\Reports.js",
      "file": "cypress\\integration\\test\\Reports.js",
      "beforeHooks": [],
      "afterHooks": [],
      "tests": [],
      "suites": [
        {
          "uuid": "1ef8c075-b2b5-4c65-900a-d7f51b9be5c9",
          "title": "Report Page",
          "fullFile": "",
          "file": "",
          "beforeHooks": [],
          "afterHooks": [],
          "tests": [
            {
              "title": "Generate Report",
              "fullTitle": "Report Page Generate Report",
              "timedOut": null,
              "duration": 68376,
              "state": "passed",
              "speed": "slow",
              "pass": true,
              "fail": false,
              "pending": false,
              "context": null,
              "code": "var generateReport = new _reports_scripts[\"default\"]();\ngenerateReport.visitReportPage();\ngenerateReport.selectDemoblock();\ngenerateReport.selectTSV();\ngenerateReport.selectSchedule();\ngenerateReport.selectPeriod();\ngenerateReport.gererateReport();\ncy.percySnapshot();",
              "err": {},
              "uuid": "83bccb67-0cb5-4d10-ade4-d507886b7b4e",
              "parentUUID": "1ef8c075-b2b5-4c65-900a-d7f51b9be5c9",
              "isHook": false,
              "skipped": false
            }
          ],
          "suites": [],
          "passes": [
            "83bccb67-0cb5-4d10-ade4-d507886b7b4e"
          ],
          "failures": [],
          "pending": [],
          "skipped": [],
          "duration": 68376,
          "root": false,
          "rootEmpty": false,
          "_timeout": 2000
        }
      ],
      "passes": [],
      "failures": [],
      "pending": [],
      "skipped": [],
      "duration": 0,
      "root": true,
      "rootEmpty": true,
      "_timeout": 2000
    }
  ],
  "meta": {
    "mocha": {
      "version": "7.1.1"
    },
    "mochawesome": {
      "options": {
        "quiet": true,
        "reportFilename": "mochawesome",
        "saveHtml": true,
        "saveJson": true,
        "consoleReporter": "spec",
        "useInlineDiffs": false
      },
      "version": "4.1.0"
    },
    "marge": {
      "options": {
        "id": "default",
        "reportDir": "cypress/reports/mocha",
        "quiet": true,
        "overwrite": false,
        "html": true,
        "json": true
      },
      "version": "4.1.0"
    }
  }
}