{
  "stats": {
    "suites": 1,
    "tests": 3,
    "passes": 3,
    "pending": 0,
    "failures": 0,
    "start": "2020-08-04T21:47:59.188Z",
    "end": "2020-08-04T21:48:51.658Z",
    "duration": 52470,
    "testsRegistered": 3,
    "passPercent": 100,
    "pendingPercent": 0,
    "other": 0,
    "hasOther": false,
    "skipped": 0,
    "hasSkipped": false
  },
  "results": [
    {
      "uuid": "d48f9f5e-2a88-4186-8ab0-7099541102ca",
      "title": "",
      "fullFile": "cypress\\integration\\Spain\\Login.js",
      "file": "cypress\\integration\\Spain\\Login.js",
      "beforeHooks": [],
      "afterHooks": [],
      "tests": [],
      "suites": [
        {
          "uuid": "814c38ab-6351-4910-88e0-25be34aff26a",
          "title": "Login",
          "fullFile": "",
          "file": "",
          "beforeHooks": [],
          "afterHooks": [],
          "tests": [
            {
              "title": "Valid login Page",
              "fullTitle": "Login Valid login Page",
              "timedOut": null,
              "duration": 37876,
              "state": "passed",
              "speed": "slow",
              "pass": true,
              "fail": false,
              "pending": false,
              "context": null,
              "code": "var log = new _login_scripts[\"default\"]();\ncy.wait(3000);\nlog.usernameField('sysadmin');\nlog.passwordFields('!amcnbi321');\nlog.loginButton();\ncy.wait(5000);\ncy.title().should('be.equal', 'Estimator International');\ncy.wait(8000); // cy.server()\n// cy.route('GET', '/api/v1/user/get_user_info').as('get_user_info')\n// cy.route('POST', '/api/v1/schedules/get_schedules').as('get_schedules')\n// cy.wait(['@get_user_info', '@get_schedules'])\n// .should(data => {\n//     data.forEach (item => expect(item.stats).to.equal(200))\n//     return true\n// })\ncy.wait(8000);\ncy.percySnapshot();",
              "err": {},
              "uuid": "0c8df486-96b5-4b0b-8e78-92321790073f",
              "parentUUID": "814c38ab-6351-4910-88e0-25be34aff26a",
              "isHook": false,
              "skipped": false
            },
            {
              "title": "InValid login Page",
              "fullTitle": "Login InValid login Page",
              "timedOut": null,
              "duration": 7497,
              "state": "passed",
              "speed": "slow",
              "pass": true,
              "fail": false,
              "pending": false,
              "context": null,
              "code": "var log = new _login_scripts[\"default\"]();\ncy.wait(3000);\nlog.usernameField('sysadmin');\nlog.passwordFields(' ');\nlog.loginButton();\ncy.title().should('be.equal', 'Login');",
              "err": {},
              "uuid": "b243a3c8-8c28-4a9a-9637-0e948f6dbf92",
              "parentUUID": "814c38ab-6351-4910-88e0-25be34aff26a",
              "isHook": false,
              "skipped": false
            },
            {
              "title": "InValid login Page",
              "fullTitle": "Login InValid login Page",
              "timedOut": null,
              "duration": 6979,
              "state": "passed",
              "speed": "slow",
              "pass": true,
              "fail": false,
              "pending": false,
              "context": null,
              "code": "var log = new _login_scripts[\"default\"]();\ncy.wait(3000);\nlog.usernameField(' ');\nlog.passwordFields('!amcnbi321');\nlog.loginButton();\ncy.title().should('be.equal', 'Login');",
              "err": {},
              "uuid": "f5e61114-a0d2-4234-8f36-0a541cc114dc",
              "parentUUID": "814c38ab-6351-4910-88e0-25be34aff26a",
              "isHook": false,
              "skipped": false
            }
          ],
          "suites": [],
          "passes": [
            "0c8df486-96b5-4b0b-8e78-92321790073f",
            "b243a3c8-8c28-4a9a-9637-0e948f6dbf92",
            "f5e61114-a0d2-4234-8f36-0a541cc114dc"
          ],
          "failures": [],
          "pending": [],
          "skipped": [],
          "duration": 52352,
          "root": false,
          "rootEmpty": false,
          "_timeout": 2000
        }
      ],
      "passes": [],
      "failures": [],
      "pending": [],
      "skipped": [],
      "duration": 0,
      "root": true,
      "rootEmpty": true,
      "_timeout": 2000
    }
  ],
  "meta": {
    "mocha": {
      "version": "7.1.1"
    },
    "mochawesome": {
      "options": {
        "quiet": true,
        "reportFilename": "mochawesome",
        "saveHtml": true,
        "saveJson": true,
        "consoleReporter": "spec",
        "useInlineDiffs": false
      },
      "version": "4.1.0"
    },
    "marge": {
      "options": {
        "id": "default",
        "reportDir": "cypress/reports/mocha",
        "quiet": true,
        "overwrite": false,
        "html": true,
        "json": true
      },
      "version": "4.1.0"
    }
  }
}