{
  "stats": {
    "suites": 1,
    "tests": 8,
    "passes": 6,
    "pending": 0,
    "failures": 2,
    "start": "2020-07-10T14:42:50.543Z",
    "end": "2020-07-10T14:47:42.894Z",
    "duration": 292351,
    "testsRegistered": 8,
    "passPercent": 75,
    "pendingPercent": 0,
    "other": 0,
    "hasOther": false,
    "skipped": 0,
    "hasSkipped": false
  },
  "results": [
    {
      "uuid": "1a0e8d2d-3d03-4a32-94d1-282ffd2e4e38",
      "title": "",
      "fullFile": "cypress\\integration\\Spain\\UniverseEstimatesFilters.js",
      "file": "cypress\\integration\\Spain\\UniverseEstimatesFilters.js",
      "beforeHooks": [],
      "afterHooks": [],
      "tests": [],
      "suites": [
        {
          "uuid": "8dcb85d5-7b42-4b8a-b1c7-a3261bda9932",
          "title": "Universe Estimates Filters",
          "fullFile": "",
          "file": "",
          "beforeHooks": [],
          "afterHooks": [],
          "tests": [
            {
              "title": "!Create+Search+Edit Universe Estimates",
              "fullTitle": "Universe Estimates Filters !Create+Search+Edit Universe Estimates",
              "timedOut": null,
              "duration": 33495,
              "state": "passed",
              "speed": "slow",
              "pass": true,
              "fail": false,
              "pending": false,
              "context": null,
              "code": "var UniverseEstimatesFilters = new _ueFilters_scripts[\"default\"]();\nUniverseEstimatesFilters.visitUEPage();\nUniverseEstimatesFilters.clickCloneButton();\nUniverseEstimatesFilters.searchURGroups();\nUniverseEstimatesFilters.editUEGroups();\ncy.percySnapshot();\nUniverseEstimatesFilters.deleteEditUEGroups();",
              "err": {},
              "uuid": "b27d7e11-f621-47fc-ba74-3347c60ee20f",
              "parentUUID": "8dcb85d5-7b42-4b8a-b1c7-a3261bda9932",
              "isHook": false,
              "skipped": false
            },
            {
              "title": "!Universe Estimates Search UE",
              "fullTitle": "Universe Estimates Filters !Universe Estimates Search UE",
              "timedOut": null,
              "duration": 36030,
              "state": "failed",
              "speed": null,
              "pass": false,
              "fail": true,
              "pending": false,
              "context": null,
              "code": "var UniverseEstimatesFilters = new _ueFilters_scripts[\"default\"]();\nUniverseEstimatesFilters.visitUEPage();\ncy.get('.selected > .mat-list-item-content').click();\nUniverseEstimatesFilters.searchUE();",
              "err": {
                "message": "CypressError: Cypress detected that you returned a promise from a command while also invoking one or more cy commands in that promise.\n\nThe command that returned the promise was:\n\n  > cy.get()\n\nThe cy command you invoked inside the promise was:\n\n  > cy.log()\n\nBecause Cypress commands are already promise-like, you don't need to wrap them or return your own promise.\n\nCypress will resolve your command with whatever the final Cypress command yields.\n\nThe reason this is an error instead of a warning is because Cypress internally queues commands serially whereas Promises execute as soon as they are invoked. Attempting to reconcile this would prevent Cypress from ever resolving.\n\nhttps://on.cypress.io/returning-promise-and-commands-in-another-command",
                "estack": "CypressError: Cypress detected that you returned a promise from a command while also invoking one or more cy commands in that promise.\n\nThe command that returned the promise was:\n\n  > cy.get()\n\nThe cy command you invoked inside the promise was:\n\n  > cy.log()\n\nBecause Cypress commands are already promise-like, you don't need to wrap them or return your own promise.\n\nCypress will resolve your command with whatever the final Cypress command yields.\n\nThe reason this is an error instead of a warning is because Cypress internally queues commands serially whereas Promises execute as soon as they are invoked. Attempting to reconcile this would prevent Cypress from ever resolving.\n\nhttps://on.cypress.io/returning-promise-and-commands-in-another-command\n    at cypressErr (https://develop.auroravts.com/__cypress/runner/cypress_runner.js:138644:9)\n    at throwErr (https://develop.auroravts.com/__cypress/runner/cypress_runner.js:138577:11)\n    at Object.throwErrByPath (https://develop.auroravts.com/__cypress/runner/cypress_runner.js:138625:3)\n    at Object.cy.<computed> [as log] (https://develop.auroravts.com/__cypress/runner/cypress_runner.js:137612:23)\n    at listener (https://develop.auroravts.com/__cypress/runner/cypress_runner.js:138826:19)\n    at arrayMap (https://develop.auroravts.com/__cypress/runner/cypress_runner.js:10780:23)\n    at Function.map (https://develop.auroravts.com/__cypress/runner/cypress_runner.js:19695:14)\n    at $Cypress.events.emitMap (https://develop.auroravts.com/__cypress/runner/cypress_runner.js:138829:16)\n    at $Cypress.parent.<computed> [as emitMap] (https://develop.auroravts.com/__cypress/runner/cypress_runner.js:138792:29)\n    at $Cypress.action (https://develop.auroravts.com/__cypress/runner/cypress_runner.js:134202:31)\n    at fail (https://develop.auroravts.com/__cypress/runner/cypress_runner.js:137380:22)\n    at https://develop.auroravts.com/__cypress/runner/cypress_runner.js:137249:14\n    at tryCatcher (https://develop.auroravts.com/__cypress/runner/cypress_runner.js:165465:23)\n    at Promise._settlePromiseFromHandler (https://develop.auroravts.com/__cypress/runner/cypress_runner.js:163401:31)\n    at Promise._settlePromise (https://develop.auroravts.com/__cypress/runner/cypress_runner.js:163458:18)\n    at Promise._settlePromise0 (https://develop.auroravts.com/__cypress/runner/cypress_runner.js:163503:10)",
                "diff": null
              },
              "uuid": "a44583e9-133b-48a6-9df2-f862037bd68a",
              "parentUUID": "8dcb85d5-7b42-4b8a-b1c7-a3261bda9932",
              "isHook": false,
              "skipped": false
            },
            {
              "title": "!Export Universe Estimates",
              "fullTitle": "Universe Estimates Filters !Export Universe Estimates",
              "timedOut": null,
              "duration": 36888,
              "state": "failed",
              "speed": null,
              "pass": false,
              "fail": true,
              "pending": false,
              "context": null,
              "code": "var UniverseEstimatesFilters = new _ueFilters_scripts[\"default\"]();\nUniverseEstimatesFilters.visitUEPage();\nUniverseEstimatesFilters.exportUE();",
              "err": {
                "message": "CypressError: Cypress detected that you returned a promise from a command while also invoking one or more cy commands in that promise.\n\nThe command that returned the promise was:\n\n  > cy.click()\n\nThe cy command you invoked inside the promise was:\n\n  > cy.log()\n\nBecause Cypress commands are already promise-like, you don't need to wrap them or return your own promise.\n\nCypress will resolve your command with whatever the final Cypress command yields.\n\nThe reason this is an error instead of a warning is because Cypress internally queues commands serially whereas Promises execute as soon as they are invoked. Attempting to reconcile this would prevent Cypress from ever resolving.\n\nhttps://on.cypress.io/returning-promise-and-commands-in-another-command",
                "estack": "CypressError: Cypress detected that you returned a promise from a command while also invoking one or more cy commands in that promise.\n\nThe command that returned the promise was:\n\n  > cy.click()\n\nThe cy command you invoked inside the promise was:\n\n  > cy.log()\n\nBecause Cypress commands are already promise-like, you don't need to wrap them or return your own promise.\n\nCypress will resolve your command with whatever the final Cypress command yields.\n\nThe reason this is an error instead of a warning is because Cypress internally queues commands serially whereas Promises execute as soon as they are invoked. Attempting to reconcile this would prevent Cypress from ever resolving.\n\nhttps://on.cypress.io/returning-promise-and-commands-in-another-command\n    at cypressErr (https://develop.auroravts.com/__cypress/runner/cypress_runner.js:138644:9)\n    at throwErr (https://develop.auroravts.com/__cypress/runner/cypress_runner.js:138577:11)\n    at Object.throwErrByPath (https://develop.auroravts.com/__cypress/runner/cypress_runner.js:138625:3)\n    at Object.cy.<computed> [as log] (https://develop.auroravts.com/__cypress/runner/cypress_runner.js:137612:23)\n    at listener (https://develop.auroravts.com/__cypress/runner/cypress_runner.js:138826:19)\n    at arrayMap (https://develop.auroravts.com/__cypress/runner/cypress_runner.js:10780:23)\n    at Function.map (https://develop.auroravts.com/__cypress/runner/cypress_runner.js:19695:14)\n    at $Cypress.events.emitMap (https://develop.auroravts.com/__cypress/runner/cypress_runner.js:138829:16)\n    at $Cypress.parent.<computed> [as emitMap] (https://develop.auroravts.com/__cypress/runner/cypress_runner.js:138792:29)\n    at $Cypress.action (https://develop.auroravts.com/__cypress/runner/cypress_runner.js:134202:31)\n    at fail (https://develop.auroravts.com/__cypress/runner/cypress_runner.js:137380:22)\n    at https://develop.auroravts.com/__cypress/runner/cypress_runner.js:137249:14\n    at tryCatcher (https://develop.auroravts.com/__cypress/runner/cypress_runner.js:165465:23)\n    at Promise._settlePromiseFromHandler (https://develop.auroravts.com/__cypress/runner/cypress_runner.js:163401:31)\n    at Promise._settlePromise (https://develop.auroravts.com/__cypress/runner/cypress_runner.js:163458:18)\n    at Promise._settlePromise0 (https://develop.auroravts.com/__cypress/runner/cypress_runner.js:163503:10)",
                "diff": null
              },
              "uuid": "f088e883-0d32-42a8-8c7b-cbb2f5ee6135",
              "parentUUID": "8dcb85d5-7b42-4b8a-b1c7-a3261bda9932",
              "isHook": false,
              "skipped": false
            },
            {
              "title": "!Import Universe Estimates",
              "fullTitle": "Universe Estimates Filters !Import Universe Estimates",
              "timedOut": null,
              "duration": 32003,
              "state": "passed",
              "speed": "slow",
              "pass": true,
              "fail": false,
              "pending": false,
              "context": null,
              "code": "var UniverseEstimatesFilters = new _ueFilters_scripts[\"default\"]();\nUniverseEstimatesFilters.visitUEPage();\nUniverseEstimatesFilters.clickCloneButton();\nUniverseEstimatesFilters.importUE();\nUniverseEstimatesFilters.deleteUEGroups();",
              "err": {},
              "uuid": "9743b56b-bcec-4534-b3ee-7b219950cf81",
              "parentUUID": "8dcb85d5-7b42-4b8a-b1c7-a3261bda9932",
              "isHook": false,
              "skipped": false
            },
            {
              "title": "!Edit Universe Estimates",
              "fullTitle": "Universe Estimates Filters !Edit Universe Estimates",
              "timedOut": null,
              "duration": 31355,
              "state": "passed",
              "speed": "slow",
              "pass": true,
              "fail": false,
              "pending": false,
              "context": null,
              "code": "var UniverseEstimatesFilters = new _ueFilters_scripts[\"default\"]();\nUniverseEstimatesFilters.visitUEPage();\nUniverseEstimatesFilters.clickCloneButton();\ncy.percySnapshot();\nUniverseEstimatesFilters.searchURGroups();\nUniverseEstimatesFilters.editUE();\nUniverseEstimatesFilters.deleteUEGroups();",
              "err": {},
              "uuid": "6b830227-adbd-4373-ace9-c50095418c12",
              "parentUUID": "8dcb85d5-7b42-4b8a-b1c7-a3261bda9932",
              "isHook": false,
              "skipped": false
            },
            {
              "title": "Clone Universe Estimates",
              "fullTitle": "Universe Estimates Filters Clone Universe Estimates",
              "timedOut": null,
              "duration": 31388,
              "state": "passed",
              "speed": "slow",
              "pass": true,
              "fail": false,
              "pending": false,
              "context": null,
              "code": "var UniverseEstimatesFilters = new _ueFilters_scripts[\"default\"](); //no\nUniverseEstimatesFilters.visitUEPage();\nUniverseEstimatesFilters.clickCloneButton(); //UniverseEstimatesFilters.cloneUE()\nUniverseEstimatesFilters.deleteUEGroups();",
              "err": {},
              "uuid": "c252842b-7158-48b8-852b-77fc256816a6",
              "parentUUID": "8dcb85d5-7b42-4b8a-b1c7-a3261bda9932",
              "isHook": false,
              "skipped": false
            },
            {
              "title": "Universe Estimates Filters Reset",
              "fullTitle": "Universe Estimates Filters Universe Estimates Filters Reset",
              "timedOut": null,
              "duration": 44581,
              "state": "passed",
              "speed": "slow",
              "pass": true,
              "fail": false,
              "pending": false,
              "context": null,
              "code": "var UniverseEstimatesFilters = new _ueFilters_scripts[\"default\"]();\nUniverseEstimatesFilters.visitUEPage();\nUniverseEstimatesFilters.selectYear();\nUniverseEstimatesFilters.selectQuater();\ncy.percySnapshot();\nUniverseEstimatesFilters.selectResedrButton();",
              "err": {},
              "uuid": "57b540dc-dfab-476f-bd5e-dfe2c99e0163",
              "parentUUID": "8dcb85d5-7b42-4b8a-b1c7-a3261bda9932",
              "isHook": false,
              "skipped": false
            },
            {
              "title": "Universe Estimates Filters Apply",
              "fullTitle": "Universe Estimates Filters Universe Estimates Filters Apply",
              "timedOut": null,
              "duration": 46066,
              "state": "passed",
              "speed": "slow",
              "pass": true,
              "fail": false,
              "pending": false,
              "context": null,
              "code": "var UniverseEstimatesFilters = new _ueFilters_scripts[\"default\"]();\nUniverseEstimatesFilters.visitUEPage();\nUniverseEstimatesFilters.selectYear();\nUniverseEstimatesFilters.selectQuater();\nUniverseEstimatesFilters.selectApplyButton();",
              "err": {},
              "uuid": "686dca36-cf02-4b66-b9bc-fa3b4b14aef0",
              "parentUUID": "8dcb85d5-7b42-4b8a-b1c7-a3261bda9932",
              "isHook": false,
              "skipped": false
            }
          ],
          "suites": [],
          "passes": [
            "b27d7e11-f621-47fc-ba74-3347c60ee20f",
            "9743b56b-bcec-4534-b3ee-7b219950cf81",
            "6b830227-adbd-4373-ace9-c50095418c12",
            "c252842b-7158-48b8-852b-77fc256816a6",
            "57b540dc-dfab-476f-bd5e-dfe2c99e0163",
            "686dca36-cf02-4b66-b9bc-fa3b4b14aef0"
          ],
          "failures": [
            "a44583e9-133b-48a6-9df2-f862037bd68a",
            "f088e883-0d32-42a8-8c7b-cbb2f5ee6135"
          ],
          "pending": [],
          "skipped": [],
          "duration": 291806,
          "root": false,
          "rootEmpty": false,
          "_timeout": 2000
        }
      ],
      "passes": [],
      "failures": [],
      "pending": [],
      "skipped": [],
      "duration": 0,
      "root": true,
      "rootEmpty": true,
      "_timeout": 2000
    }
  ],
  "meta": {
    "mocha": {
      "version": "7.1.1"
    },
    "mochawesome": {
      "options": {
        "quiet": true,
        "reportFilename": "mochawesome",
        "saveHtml": true,
        "saveJson": true,
        "consoleReporter": "spec",
        "useInlineDiffs": false
      },
      "version": "4.1.0"
    },
    "marge": {
      "options": {
        "id": "default",
        "reportDir": "cypress/reports/mocha",
        "quiet": true,
        "overwrite": false,
        "html": true,
        "json": true
      },
      "version": "4.1.0"
    }
  }
}