{
  "stats": {
    "suites": 1,
    "tests": 8,
    "passes": 4,
    "pending": 0,
    "failures": 4,
    "start": "2020-03-22T18:17:05.847Z",
    "end": "2020-03-22T18:24:11.652Z",
    "duration": 425805,
    "testsRegistered": 8,
    "passPercent": 50,
    "pendingPercent": 0,
    "other": 0,
    "hasOther": false,
    "skipped": 0,
    "hasSkipped": false
  },
  "results": [
    {
      "uuid": "5e5d42ee-46fc-4b85-8372-486d93036813",
      "title": "",
      "fullFile": "cypress\\integration\\test\\UniverseEstimatesFilters.js",
      "file": "cypress\\integration\\test\\UniverseEstimatesFilters.js",
      "beforeHooks": [],
      "afterHooks": [],
      "tests": [],
      "suites": [
        {
          "uuid": "f6e626e5-af77-41b2-bbce-297d14dda525",
          "title": "Universe Estimates Filters",
          "fullFile": "",
          "file": "",
          "beforeHooks": [],
          "afterHooks": [],
          "tests": [
            {
              "title": "!Create+Search+Edit Universe Estimates",
              "fullTitle": "Universe Estimates Filters !Create+Search+Edit Universe Estimates",
              "timedOut": null,
              "duration": 103535,
              "state": "failed",
              "speed": null,
              "pass": false,
              "fail": true,
              "pending": false,
              "context": null,
              "code": "var UniverseEstimatesFilters = new _ueFilters_scripts[\"default\"]();\nUniverseEstimatesFilters.visitUEPage();\ncy.percySnapshot();\nUniverseEstimatesFilters.clickCloneButton();\nUniverseEstimatesFilters.searchURGroups();\nUniverseEstimatesFilters.editUEGroups();\ncy.percySnapshot();\nUniverseEstimatesFilters.deleteEditUEGroups();",
              "err": {
                "message": "CypressError: Cypress detected that you returned a promise from a command while also invoking one or more cy commands in that promise.\n\nThe command that returned the promise was:\n\n  > cy.click()\n\nThe cy command you invoked inside the promise was:\n\n  > cy.log()\n\nBecause Cypress commands are already promise-like, you don't need to wrap them or return your own promise.\n\nCypress will resolve your command with whatever the final Cypress command yields.\n\nThe reason this is an error instead of a warning is because Cypress internally queues commands serially whereas Promises execute as soon as they are invoked. Attempting to reconcile this would prevent Cypress from ever resolving.\n\nhttps://on.cypress.io/returning-promise-and-commands-in-another-command",
                "estack": "CypressError: Cypress detected that you returned a promise from a command while also invoking one or more cy commands in that promise.\n\nThe command that returned the promise was:\n\n  > cy.click()\n\nThe cy command you invoked inside the promise was:\n\n  > cy.log()\n\nBecause Cypress commands are already promise-like, you don't need to wrap them or return your own promise.\n\nCypress will resolve your command with whatever the final Cypress command yields.\n\nThe reason this is an error instead of a warning is because Cypress internally queues commands serially whereas Promises execute as soon as they are invoked. Attempting to reconcile this would prevent Cypress from ever resolving.\n\nhttps://on.cypress.io/returning-promise-and-commands-in-another-command\n    at cypressErr (https://develop.auroravts.com/__cypress/runner/cypress_runner.js:138644:9)\n    at throwErr (https://develop.auroravts.com/__cypress/runner/cypress_runner.js:138577:11)\n    at Object.throwErrByPath (https://develop.auroravts.com/__cypress/runner/cypress_runner.js:138625:3)\n    at Object.cy.<computed> [as log] (https://develop.auroravts.com/__cypress/runner/cypress_runner.js:137612:23)\n    at listener (https://develop.auroravts.com/__cypress/runner/cypress_runner.js:138826:19)\n    at arrayMap (https://develop.auroravts.com/__cypress/runner/cypress_runner.js:10780:23)\n    at Function.map (https://develop.auroravts.com/__cypress/runner/cypress_runner.js:19695:14)\n    at $Cypress.events.emitMap (https://develop.auroravts.com/__cypress/runner/cypress_runner.js:138829:16)\n    at $Cypress.parent.<computed> [as emitMap] (https://develop.auroravts.com/__cypress/runner/cypress_runner.js:138792:29)\n    at $Cypress.action (https://develop.auroravts.com/__cypress/runner/cypress_runner.js:134202:31)\n    at fail (https://develop.auroravts.com/__cypress/runner/cypress_runner.js:137380:22)\n    at https://develop.auroravts.com/__cypress/runner/cypress_runner.js:137249:14\n    at tryCatcher (https://develop.auroravts.com/__cypress/runner/cypress_runner.js:165465:23)\n    at Promise._settlePromiseFromHandler (https://develop.auroravts.com/__cypress/runner/cypress_runner.js:163401:31)\n    at Promise._settlePromise (https://develop.auroravts.com/__cypress/runner/cypress_runner.js:163458:18)\n    at Promise._settlePromise0 (https://develop.auroravts.com/__cypress/runner/cypress_runner.js:163503:10)",
                "diff": null
              },
              "uuid": "d1b1359a-a8ae-435d-b91c-11576aee304a",
              "parentUUID": "f6e626e5-af77-41b2-bbce-297d14dda525",
              "isHook": false,
              "skipped": false
            },
            {
              "title": "!Universe Estimates Search UE",
              "fullTitle": "Universe Estimates Filters !Universe Estimates Search UE",
              "timedOut": null,
              "duration": 33264,
              "state": "passed",
              "speed": "slow",
              "pass": true,
              "fail": false,
              "pending": false,
              "context": null,
              "code": "var UniverseEstimatesFilters = new _ueFilters_scripts[\"default\"]();\nUniverseEstimatesFilters.visitUEPage();\ncy.get('.selected > .mat-list-item-content').click();\nUniverseEstimatesFilters.searchUE();",
              "err": {},
              "uuid": "eca5f56d-956a-4ebe-9e6e-55bdbd2def02",
              "parentUUID": "f6e626e5-af77-41b2-bbce-297d14dda525",
              "isHook": false,
              "skipped": false
            },
            {
              "title": "!Export Universe Estimates",
              "fullTitle": "Universe Estimates Filters !Export Universe Estimates",
              "timedOut": null,
              "duration": 35595,
              "state": "passed",
              "speed": "slow",
              "pass": true,
              "fail": false,
              "pending": false,
              "context": null,
              "code": "var UniverseEstimatesFilters = new _ueFilters_scripts[\"default\"]();\nUniverseEstimatesFilters.visitUEPage();\nUniverseEstimatesFilters.exportUE();",
              "err": {},
              "uuid": "faa9253c-f4ac-4d32-8bc5-48952bd0d154",
              "parentUUID": "f6e626e5-af77-41b2-bbce-297d14dda525",
              "isHook": false,
              "skipped": false
            },
            {
              "title": "!Import Universe Estimates",
              "fullTitle": "Universe Estimates Filters !Import Universe Estimates",
              "timedOut": null,
              "duration": 49946,
              "state": "failed",
              "speed": null,
              "pass": false,
              "fail": true,
              "pending": false,
              "context": null,
              "code": "var UniverseEstimatesFilters = new _ueFilters_scripts[\"default\"](); //no\nUniverseEstimatesFilters.visitUEPage();\nUniverseEstimatesFilters.clickCloneButton();\nUniverseEstimatesFilters.importUE();\nUniverseEstimatesFilters.deleteUEGroups();",
              "err": {
                "message": "CypressError: Cypress detected that you returned a promise from a command while also invoking one or more cy commands in that promise.\n\nThe command that returned the promise was:\n\n  > cy.click()\n\nThe cy command you invoked inside the promise was:\n\n  > cy.log()\n\nBecause Cypress commands are already promise-like, you don't need to wrap them or return your own promise.\n\nCypress will resolve your command with whatever the final Cypress command yields.\n\nThe reason this is an error instead of a warning is because Cypress internally queues commands serially whereas Promises execute as soon as they are invoked. Attempting to reconcile this would prevent Cypress from ever resolving.\n\nhttps://on.cypress.io/returning-promise-and-commands-in-another-command",
                "estack": "CypressError: Cypress detected that you returned a promise from a command while also invoking one or more cy commands in that promise.\n\nThe command that returned the promise was:\n\n  > cy.click()\n\nThe cy command you invoked inside the promise was:\n\n  > cy.log()\n\nBecause Cypress commands are already promise-like, you don't need to wrap them or return your own promise.\n\nCypress will resolve your command with whatever the final Cypress command yields.\n\nThe reason this is an error instead of a warning is because Cypress internally queues commands serially whereas Promises execute as soon as they are invoked. Attempting to reconcile this would prevent Cypress from ever resolving.\n\nhttps://on.cypress.io/returning-promise-and-commands-in-another-command\n    at cypressErr (https://develop.auroravts.com/__cypress/runner/cypress_runner.js:138644:9)\n    at throwErr (https://develop.auroravts.com/__cypress/runner/cypress_runner.js:138577:11)\n    at Object.throwErrByPath (https://develop.auroravts.com/__cypress/runner/cypress_runner.js:138625:3)\n    at Object.cy.<computed> [as log] (https://develop.auroravts.com/__cypress/runner/cypress_runner.js:137612:23)\n    at listener (https://develop.auroravts.com/__cypress/runner/cypress_runner.js:138826:19)\n    at arrayMap (https://develop.auroravts.com/__cypress/runner/cypress_runner.js:10780:23)\n    at Function.map (https://develop.auroravts.com/__cypress/runner/cypress_runner.js:19695:14)\n    at $Cypress.events.emitMap (https://develop.auroravts.com/__cypress/runner/cypress_runner.js:138829:16)\n    at $Cypress.parent.<computed> [as emitMap] (https://develop.auroravts.com/__cypress/runner/cypress_runner.js:138792:29)\n    at $Cypress.action (https://develop.auroravts.com/__cypress/runner/cypress_runner.js:134202:31)\n    at fail (https://develop.auroravts.com/__cypress/runner/cypress_runner.js:137380:22)\n    at https://develop.auroravts.com/__cypress/runner/cypress_runner.js:137249:14\n    at tryCatcher (https://develop.auroravts.com/__cypress/runner/cypress_runner.js:165465:23)\n    at Promise._settlePromiseFromHandler (https://develop.auroravts.com/__cypress/runner/cypress_runner.js:163401:31)\n    at Promise._settlePromise (https://develop.auroravts.com/__cypress/runner/cypress_runner.js:163458:18)\n    at Promise._settlePromise0 (https://develop.auroravts.com/__cypress/runner/cypress_runner.js:163503:10)",
                "diff": null
              },
              "uuid": "af1301c5-fade-416b-aace-78c4ba908700",
              "parentUUID": "f6e626e5-af77-41b2-bbce-297d14dda525",
              "isHook": false,
              "skipped": false
            },
            {
              "title": "!Edit Universe Estimates",
              "fullTitle": "Universe Estimates Filters !Edit Universe Estimates",
              "timedOut": null,
              "duration": 49016,
              "state": "failed",
              "speed": null,
              "pass": false,
              "fail": true,
              "pending": false,
              "context": null,
              "code": "var UniverseEstimatesFilters = new _ueFilters_scripts[\"default\"]();\nUniverseEstimatesFilters.visitUEPage();\nUniverseEstimatesFilters.clickCloneButton();\nUniverseEstimatesFilters.searchURGroups();\nUniverseEstimatesFilters.editUE();\nUniverseEstimatesFilters.deleteUEGroups();",
              "err": {
                "message": "CypressError: Cypress detected that you returned a promise from a command while also invoking one or more cy commands in that promise.\n\nThe command that returned the promise was:\n\n  > cy.click()\n\nThe cy command you invoked inside the promise was:\n\n  > cy.log()\n\nBecause Cypress commands are already promise-like, you don't need to wrap them or return your own promise.\n\nCypress will resolve your command with whatever the final Cypress command yields.\n\nThe reason this is an error instead of a warning is because Cypress internally queues commands serially whereas Promises execute as soon as they are invoked. Attempting to reconcile this would prevent Cypress from ever resolving.\n\nhttps://on.cypress.io/returning-promise-and-commands-in-another-command",
                "estack": "CypressError: Cypress detected that you returned a promise from a command while also invoking one or more cy commands in that promise.\n\nThe command that returned the promise was:\n\n  > cy.click()\n\nThe cy command you invoked inside the promise was:\n\n  > cy.log()\n\nBecause Cypress commands are already promise-like, you don't need to wrap them or return your own promise.\n\nCypress will resolve your command with whatever the final Cypress command yields.\n\nThe reason this is an error instead of a warning is because Cypress internally queues commands serially whereas Promises execute as soon as they are invoked. Attempting to reconcile this would prevent Cypress from ever resolving.\n\nhttps://on.cypress.io/returning-promise-and-commands-in-another-command\n    at cypressErr (https://develop.auroravts.com/__cypress/runner/cypress_runner.js:138644:9)\n    at throwErr (https://develop.auroravts.com/__cypress/runner/cypress_runner.js:138577:11)\n    at Object.throwErrByPath (https://develop.auroravts.com/__cypress/runner/cypress_runner.js:138625:3)\n    at Object.cy.<computed> [as log] (https://develop.auroravts.com/__cypress/runner/cypress_runner.js:137612:23)\n    at listener (https://develop.auroravts.com/__cypress/runner/cypress_runner.js:138826:19)\n    at arrayMap (https://develop.auroravts.com/__cypress/runner/cypress_runner.js:10780:23)\n    at Function.map (https://develop.auroravts.com/__cypress/runner/cypress_runner.js:19695:14)\n    at $Cypress.events.emitMap (https://develop.auroravts.com/__cypress/runner/cypress_runner.js:138829:16)\n    at $Cypress.parent.<computed> [as emitMap] (https://develop.auroravts.com/__cypress/runner/cypress_runner.js:138792:29)\n    at $Cypress.action (https://develop.auroravts.com/__cypress/runner/cypress_runner.js:134202:31)\n    at fail (https://develop.auroravts.com/__cypress/runner/cypress_runner.js:137380:22)\n    at https://develop.auroravts.com/__cypress/runner/cypress_runner.js:137249:14\n    at tryCatcher (https://develop.auroravts.com/__cypress/runner/cypress_runner.js:165465:23)\n    at Promise._settlePromiseFromHandler (https://develop.auroravts.com/__cypress/runner/cypress_runner.js:163401:31)\n    at Promise._settlePromise (https://develop.auroravts.com/__cypress/runner/cypress_runner.js:163458:18)\n    at Promise._settlePromise0 (https://develop.auroravts.com/__cypress/runner/cypress_runner.js:163503:10)",
                "diff": null
              },
              "uuid": "a97bcc4c-09e3-4254-b664-ccc9a04f080b",
              "parentUUID": "f6e626e5-af77-41b2-bbce-297d14dda525",
              "isHook": false,
              "skipped": false
            },
            {
              "title": "Clone Universe Estimates",
              "fullTitle": "Universe Estimates Filters Clone Universe Estimates",
              "timedOut": null,
              "duration": 49840,
              "state": "failed",
              "speed": null,
              "pass": false,
              "fail": true,
              "pending": false,
              "context": null,
              "code": "var UniverseEstimatesFilters = new _ueFilters_scripts[\"default\"](); //no\nUniverseEstimatesFilters.visitUEPage();\nUniverseEstimatesFilters.clickCloneButton(); //UniverseEstimatesFilters.cloneUE()\nUniverseEstimatesFilters.deleteUEGroups();",
              "err": {
                "message": "CypressError: Cypress detected that you returned a promise from a command while also invoking one or more cy commands in that promise.\n\nThe command that returned the promise was:\n\n  > cy.click()\n\nThe cy command you invoked inside the promise was:\n\n  > cy.log()\n\nBecause Cypress commands are already promise-like, you don't need to wrap them or return your own promise.\n\nCypress will resolve your command with whatever the final Cypress command yields.\n\nThe reason this is an error instead of a warning is because Cypress internally queues commands serially whereas Promises execute as soon as they are invoked. Attempting to reconcile this would prevent Cypress from ever resolving.\n\nhttps://on.cypress.io/returning-promise-and-commands-in-another-command",
                "estack": "CypressError: Cypress detected that you returned a promise from a command while also invoking one or more cy commands in that promise.\n\nThe command that returned the promise was:\n\n  > cy.click()\n\nThe cy command you invoked inside the promise was:\n\n  > cy.log()\n\nBecause Cypress commands are already promise-like, you don't need to wrap them or return your own promise.\n\nCypress will resolve your command with whatever the final Cypress command yields.\n\nThe reason this is an error instead of a warning is because Cypress internally queues commands serially whereas Promises execute as soon as they are invoked. Attempting to reconcile this would prevent Cypress from ever resolving.\n\nhttps://on.cypress.io/returning-promise-and-commands-in-another-command\n    at cypressErr (https://develop.auroravts.com/__cypress/runner/cypress_runner.js:138644:9)\n    at throwErr (https://develop.auroravts.com/__cypress/runner/cypress_runner.js:138577:11)\n    at Object.throwErrByPath (https://develop.auroravts.com/__cypress/runner/cypress_runner.js:138625:3)\n    at Object.cy.<computed> [as log] (https://develop.auroravts.com/__cypress/runner/cypress_runner.js:137612:23)\n    at listener (https://develop.auroravts.com/__cypress/runner/cypress_runner.js:138826:19)\n    at arrayMap (https://develop.auroravts.com/__cypress/runner/cypress_runner.js:10780:23)\n    at Function.map (https://develop.auroravts.com/__cypress/runner/cypress_runner.js:19695:14)\n    at $Cypress.events.emitMap (https://develop.auroravts.com/__cypress/runner/cypress_runner.js:138829:16)\n    at $Cypress.parent.<computed> [as emitMap] (https://develop.auroravts.com/__cypress/runner/cypress_runner.js:138792:29)\n    at $Cypress.action (https://develop.auroravts.com/__cypress/runner/cypress_runner.js:134202:31)\n    at fail (https://develop.auroravts.com/__cypress/runner/cypress_runner.js:137380:22)\n    at https://develop.auroravts.com/__cypress/runner/cypress_runner.js:137249:14\n    at tryCatcher (https://develop.auroravts.com/__cypress/runner/cypress_runner.js:165465:23)\n    at Promise._settlePromiseFromHandler (https://develop.auroravts.com/__cypress/runner/cypress_runner.js:163401:31)\n    at Promise._settlePromise (https://develop.auroravts.com/__cypress/runner/cypress_runner.js:163458:18)\n    at Promise._settlePromise0 (https://develop.auroravts.com/__cypress/runner/cypress_runner.js:163503:10)",
                "diff": null
              },
              "uuid": "59989c9e-52e6-480a-adad-737afda8b5e0",
              "parentUUID": "f6e626e5-af77-41b2-bbce-297d14dda525",
              "isHook": false,
              "skipped": false
            },
            {
              "title": "Universe Estimates Filters Reset",
              "fullTitle": "Universe Estimates Filters Universe Estimates Filters Reset",
              "timedOut": null,
              "duration": 49518,
              "state": "passed",
              "speed": "slow",
              "pass": true,
              "fail": false,
              "pending": false,
              "context": null,
              "code": "var UniverseEstimatesFilters = new _ueFilters_scripts[\"default\"]();\nUniverseEstimatesFilters.visitUEPage();\nUniverseEstimatesFilters.selectYear();\nUniverseEstimatesFilters.selectQuater();\nUniverseEstimatesFilters.selectResedrButton();",
              "err": {},
              "uuid": "6ac8ee81-57e9-416a-93b7-2775a37383ca",
              "parentUUID": "f6e626e5-af77-41b2-bbce-297d14dda525",
              "isHook": false,
              "skipped": false
            },
            {
              "title": "Universe Estimates Filters Apply",
              "fullTitle": "Universe Estimates Filters Universe Estimates Filters Apply",
              "timedOut": null,
              "duration": 51900,
              "state": "passed",
              "speed": "slow",
              "pass": true,
              "fail": false,
              "pending": false,
              "context": null,
              "code": "var UniverseEstimatesFilters = new _ueFilters_scripts[\"default\"]();\nUniverseEstimatesFilters.visitUEPage();\nUniverseEstimatesFilters.selectYear();\nUniverseEstimatesFilters.selectQuater();\nUniverseEstimatesFilters.selectApplyButton();",
              "err": {},
              "uuid": "ed534cfa-e3b3-425b-9909-fa0657eeacd4",
              "parentUUID": "f6e626e5-af77-41b2-bbce-297d14dda525",
              "isHook": false,
              "skipped": false
            }
          ],
          "suites": [],
          "passes": [
            "eca5f56d-956a-4ebe-9e6e-55bdbd2def02",
            "faa9253c-f4ac-4d32-8bc5-48952bd0d154",
            "6ac8ee81-57e9-416a-93b7-2775a37383ca",
            "ed534cfa-e3b3-425b-9909-fa0657eeacd4"
          ],
          "failures": [
            "d1b1359a-a8ae-435d-b91c-11576aee304a",
            "af1301c5-fade-416b-aace-78c4ba908700",
            "a97bcc4c-09e3-4254-b664-ccc9a04f080b",
            "59989c9e-52e6-480a-adad-737afda8b5e0"
          ],
          "pending": [],
          "skipped": [],
          "duration": 422614,
          "root": false,
          "rootEmpty": false,
          "_timeout": 2000
        }
      ],
      "passes": [],
      "failures": [],
      "pending": [],
      "skipped": [],
      "duration": 0,
      "root": true,
      "rootEmpty": true,
      "_timeout": 2000
    }
  ],
  "meta": {
    "mocha": {
      "version": "7.1.1"
    },
    "mochawesome": {
      "options": {
        "quiet": true,
        "reportFilename": "mochawesome",
        "saveHtml": true,
        "saveJson": true,
        "consoleReporter": "spec",
        "useInlineDiffs": false
      },
      "version": "4.1.0"
    },
    "marge": {
      "options": {
        "id": "default",
        "reportDir": "cypress/reports/mocha",
        "quiet": true,
        "overwrite": false,
        "html": true,
        "json": true
      },
      "version": "4.1.0"
    }
  }
}