{
  "stats": {
    "suites": 1,
    "tests": 1,
    "passes": 1,
    "pending": 0,
    "failures": 0,
    "start": "2020-03-22T19:27:21.108Z",
    "end": "2020-03-22T19:28:08.602Z",
    "duration": 47494,
    "testsRegistered": 1,
    "passPercent": 100,
    "pendingPercent": 0,
    "other": 0,
    "hasOther": false,
    "skipped": 0,
    "hasSkipped": false
  },
  "results": [
    {
      "uuid": "088a87e3-5614-43d3-8384-d02c9db6b587",
      "title": "",
      "fullFile": "cypress\\integration\\test\\Reports.js",
      "file": "cypress\\integration\\test\\Reports.js",
      "beforeHooks": [],
      "afterHooks": [],
      "tests": [],
      "suites": [
        {
          "uuid": "6807d78c-a901-455b-9283-48b91cfdaf77",
          "title": "Report Page",
          "fullFile": "",
          "file": "",
          "beforeHooks": [],
          "afterHooks": [],
          "tests": [
            {
              "title": "Generate Report",
              "fullTitle": "Report Page Generate Report",
              "timedOut": null,
              "duration": 45909,
              "state": "passed",
              "speed": "slow",
              "pass": true,
              "fail": false,
              "pending": false,
              "context": null,
              "code": "var generateReport = new _reports_scripts[\"default\"]();\ngenerateReport.visitReportPage();\ngenerateReport.selectDemoblock();\ngenerateReport.selectTSV();\ngenerateReport.selectSchedule();\ngenerateReport.selectPeriod();\ngenerateReport.gererateReport();",
              "err": {},
              "uuid": "bf78720c-4240-47f2-b07b-8c992b5f8aae",
              "parentUUID": "6807d78c-a901-455b-9283-48b91cfdaf77",
              "isHook": false,
              "skipped": false
            }
          ],
          "suites": [],
          "passes": [
            "bf78720c-4240-47f2-b07b-8c992b5f8aae"
          ],
          "failures": [],
          "pending": [],
          "skipped": [],
          "duration": 45909,
          "root": false,
          "rootEmpty": false,
          "_timeout": 2000
        }
      ],
      "passes": [],
      "failures": [],
      "pending": [],
      "skipped": [],
      "duration": 0,
      "root": true,
      "rootEmpty": true,
      "_timeout": 2000
    }
  ],
  "meta": {
    "mocha": {
      "version": "7.1.1"
    },
    "mochawesome": {
      "options": {
        "quiet": true,
        "reportFilename": "mochawesome",
        "saveHtml": true,
        "saveJson": true,
        "consoleReporter": "spec",
        "useInlineDiffs": false
      },
      "version": "4.1.0"
    },
    "marge": {
      "options": {
        "id": "default",
        "reportDir": "cypress/reports/mocha",
        "quiet": true,
        "overwrite": false,
        "html": true,
        "json": true
      },
      "version": "4.1.0"
    }
  }
}