{
  "stats": {
    "suites": 1,
    "tests": 1,
    "passes": 0,
    "pending": 0,
    "failures": 1,
    "start": "2020-05-19T11:25:40.737Z",
    "end": "2020-05-19T11:26:15.431Z",
    "duration": 34694,
    "testsRegistered": 1,
    "passPercent": 0,
    "pendingPercent": 0,
    "other": 0,
    "hasOther": false,
    "skipped": 0,
    "hasSkipped": false
  },
  "results": [
    {
      "uuid": "6c2825c2-b3d7-4c9d-bec5-a483ea8cb380",
      "title": "",
      "fullFile": "cypress\\integration\\Spain\\report.js",
      "file": "cypress\\integration\\Spain\\report.js",
      "beforeHooks": [],
      "afterHooks": [],
      "tests": [],
      "suites": [
        {
          "uuid": "6b5699d4-9826-4e52-bdb7-cc67ecd9a7c6",
          "title": "Login",
          "fullFile": "",
          "file": "",
          "beforeHooks": [],
          "afterHooks": [],
          "tests": [
            {
              "title": "Valid login Page",
              "fullTitle": "Login Valid login Page",
              "timedOut": null,
              "duration": 31322,
              "state": "failed",
              "speed": null,
              "pass": false,
              "fail": true,
              "pending": false,
              "context": null,
              "code": "var log = new LoginPage();\ncy.wait(3000);\ncy.get('#email').type('research@amcnetworks.com');\ncy.get('#password').type('amc12345678$');",
              "err": {
                "message": "ReferenceError: LoginPage is not defined",
                "estack": "ReferenceError: LoginPage is not defined\n    at Context.<anonymous> (https://10az.online.tableau.com/__cypress/tests?p=cypress\\integration\\Spain\\report.js-180:10:15)",
                "diff": null
              },
              "uuid": "cf6ac9cf-fd42-45ff-9d4c-8e2890f66992",
              "parentUUID": "6b5699d4-9826-4e52-bdb7-cc67ecd9a7c6",
              "isHook": false,
              "skipped": false
            }
          ],
          "suites": [],
          "passes": [],
          "failures": [
            "cf6ac9cf-fd42-45ff-9d4c-8e2890f66992"
          ],
          "pending": [],
          "skipped": [],
          "duration": 31322,
          "root": false,
          "rootEmpty": false,
          "_timeout": 2000
        }
      ],
      "passes": [],
      "failures": [],
      "pending": [],
      "skipped": [],
      "duration": 0,
      "root": true,
      "rootEmpty": true,
      "_timeout": 2000
    }
  ],
  "meta": {
    "mocha": {
      "version": "7.1.1"
    },
    "mochawesome": {
      "options": {
        "quiet": true,
        "reportFilename": "mochawesome",
        "saveHtml": true,
        "saveJson": true,
        "consoleReporter": "spec",
        "useInlineDiffs": false
      },
      "version": "4.1.0"
    },
    "marge": {
      "options": {
        "id": "default",
        "reportDir": "cypress/reports/mocha",
        "quiet": true,
        "overwrite": false,
        "html": true,
        "json": true
      },
      "version": "4.1.0"
    }
  }
}