{
  "stats": {
    "suites": 1,
    "tests": 8,
    "passes": 4,
    "pending": 0,
    "failures": 4,
    "start": "2020-03-25T07:44:06.196Z",
    "end": "2020-03-25T07:49:33.949Z",
    "duration": 327753,
    "testsRegistered": 8,
    "passPercent": 50,
    "pendingPercent": 0,
    "other": 0,
    "hasOther": false,
    "skipped": 0,
    "hasSkipped": false
  },
  "results": [
    {
      "uuid": "b051960b-582a-49cc-9fcb-f5dcaad5e275",
      "title": "",
      "fullFile": "cypress\\integration\\test\\UniverseEstimatesFilters.js",
      "file": "cypress\\integration\\test\\UniverseEstimatesFilters.js",
      "beforeHooks": [],
      "afterHooks": [],
      "tests": [],
      "suites": [
        {
          "uuid": "400b38c6-8c26-4c16-8086-bc232afd2aac",
          "title": "Universe Estimates Filters",
          "fullFile": "",
          "file": "",
          "beforeHooks": [],
          "afterHooks": [],
          "tests": [
            {
              "title": "!Create+Search+Edit Universe Estimates",
              "fullTitle": "Universe Estimates Filters !Create+Search+Edit Universe Estimates",
              "timedOut": null,
              "duration": 39790,
              "state": "failed",
              "speed": null,
              "pass": false,
              "fail": true,
              "pending": false,
              "context": null,
              "code": "var UniverseEstimatesFilters = new _ueFilters_scripts[\"default\"]();\nUniverseEstimatesFilters.visitUEPage();\ncy.percySnapshot();\nUniverseEstimatesFilters.clickCloneButton();\nUniverseEstimatesFilters.searchURGroups();\nUniverseEstimatesFilters.editUEGroups();\ncy.percySnapshot();\nUniverseEstimatesFilters.deleteEditUEGroups();",
              "err": {
                "message": "CypressError: Cypress detected that you returned a promise from a command while also invoking one or more cy commands in that promise.\n\nThe command that returned the promise was:\n\n  > cy.get()\n\nThe cy command you invoked inside the promise was:\n\n  > cy.log()\n\nBecause Cypress commands are already promise-like, you don't need to wrap them or return your own promise.\n\nCypress will resolve your command with whatever the final Cypress command yields.\n\nThe reason this is an error instead of a warning is because Cypress internally queues commands serially whereas Promises execute as soon as they are invoked. Attempting to reconcile this would prevent Cypress from ever resolving.\n\nhttps://on.cypress.io/returning-promise-and-commands-in-another-command",
                "estack": "CypressError: Cypress detected that you returned a promise from a command while also invoking one or more cy commands in that promise.\n\nThe command that returned the promise was:\n\n  > cy.get()\n\nThe cy command you invoked inside the promise was:\n\n  > cy.log()\n\nBecause Cypress commands are already promise-like, you don't need to wrap them or return your own promise.\n\nCypress will resolve your command with whatever the final Cypress command yields.\n\nThe reason this is an error instead of a warning is because Cypress internally queues commands serially whereas Promises execute as soon as they are invoked. Attempting to reconcile this would prevent Cypress from ever resolving.\n\nhttps://on.cypress.io/returning-promise-and-commands-in-another-command\n    at cypressErr (https://develop.auroravts.com/__cypress/runner/cypress_runner.js:138644:9)\n    at throwErr (https://develop.auroravts.com/__cypress/runner/cypress_runner.js:138577:11)\n    at Object.throwErrByPath (https://develop.auroravts.com/__cypress/runner/cypress_runner.js:138625:3)\n    at Object.cy.<computed> [as log] (https://develop.auroravts.com/__cypress/runner/cypress_runner.js:137612:23)\n    at listener (https://develop.auroravts.com/__cypress/runner/cypress_runner.js:138826:19)\n    at arrayMap (https://develop.auroravts.com/__cypress/runner/cypress_runner.js:10780:23)\n    at Function.map (https://develop.auroravts.com/__cypress/runner/cypress_runner.js:19695:14)\n    at $Cypress.events.emitMap (https://develop.auroravts.com/__cypress/runner/cypress_runner.js:138829:16)\n    at $Cypress.parent.<computed> [as emitMap] (https://develop.auroravts.com/__cypress/runner/cypress_runner.js:138792:29)\n    at $Cypress.action (https://develop.auroravts.com/__cypress/runner/cypress_runner.js:134202:31)\n    at fail (https://develop.auroravts.com/__cypress/runner/cypress_runner.js:137380:22)\n    at https://develop.auroravts.com/__cypress/runner/cypress_runner.js:137249:14\n    at tryCatcher (https://develop.auroravts.com/__cypress/runner/cypress_runner.js:165465:23)\n    at Promise._settlePromiseFromHandler (https://develop.auroravts.com/__cypress/runner/cypress_runner.js:163401:31)\n    at Promise._settlePromise (https://develop.auroravts.com/__cypress/runner/cypress_runner.js:163458:18)\n    at Promise._settlePromise0 (https://develop.auroravts.com/__cypress/runner/cypress_runner.js:163503:10)",
                "diff": null
              },
              "uuid": "0e53bb62-b0a3-4896-8a59-e5ff95604f75",
              "parentUUID": "400b38c6-8c26-4c16-8086-bc232afd2aac",
              "isHook": false,
              "skipped": false
            },
            {
              "title": "!Universe Estimates Search UE",
              "fullTitle": "Universe Estimates Filters !Universe Estimates Search UE",
              "timedOut": null,
              "duration": 32561,
              "state": "passed",
              "speed": "slow",
              "pass": true,
              "fail": false,
              "pending": false,
              "context": null,
              "code": "var UniverseEstimatesFilters = new _ueFilters_scripts[\"default\"]();\nUniverseEstimatesFilters.visitUEPage();\ncy.get('.selected > .mat-list-item-content').click();\nUniverseEstimatesFilters.searchUE();",
              "err": {},
              "uuid": "6176119e-11ea-4d7e-a695-fa48eead1dee",
              "parentUUID": "400b38c6-8c26-4c16-8086-bc232afd2aac",
              "isHook": false,
              "skipped": false
            },
            {
              "title": "!Export Universe Estimates",
              "fullTitle": "Universe Estimates Filters !Export Universe Estimates",
              "timedOut": null,
              "duration": 35269,
              "state": "passed",
              "speed": "slow",
              "pass": true,
              "fail": false,
              "pending": false,
              "context": null,
              "code": "var UniverseEstimatesFilters = new _ueFilters_scripts[\"default\"]();\nUniverseEstimatesFilters.visitUEPage();\nUniverseEstimatesFilters.exportUE();",
              "err": {},
              "uuid": "7886f900-cfb9-41c3-9d5c-9fdf0dccd213",
              "parentUUID": "400b38c6-8c26-4c16-8086-bc232afd2aac",
              "isHook": false,
              "skipped": false
            },
            {
              "title": "!Import Universe Estimates",
              "fullTitle": "Universe Estimates Filters !Import Universe Estimates",
              "timedOut": null,
              "duration": 37406,
              "state": "failed",
              "speed": null,
              "pass": false,
              "fail": true,
              "pending": false,
              "context": null,
              "code": "var UniverseEstimatesFilters = new _ueFilters_scripts[\"default\"](); //no\nUniverseEstimatesFilters.visitUEPage();\nUniverseEstimatesFilters.clickCloneButton();\nUniverseEstimatesFilters.importUE();\nUniverseEstimatesFilters.deleteUEGroups();",
              "err": {
                "message": "CypressError: Cypress detected that you returned a promise from a command while also invoking one or more cy commands in that promise.\n\nThe command that returned the promise was:\n\n  > cy.get()\n\nThe cy command you invoked inside the promise was:\n\n  > cy.log()\n\nBecause Cypress commands are already promise-like, you don't need to wrap them or return your own promise.\n\nCypress will resolve your command with whatever the final Cypress command yields.\n\nThe reason this is an error instead of a warning is because Cypress internally queues commands serially whereas Promises execute as soon as they are invoked. Attempting to reconcile this would prevent Cypress from ever resolving.\n\nhttps://on.cypress.io/returning-promise-and-commands-in-another-command",
                "estack": "CypressError: Cypress detected that you returned a promise from a command while also invoking one or more cy commands in that promise.\n\nThe command that returned the promise was:\n\n  > cy.get()\n\nThe cy command you invoked inside the promise was:\n\n  > cy.log()\n\nBecause Cypress commands are already promise-like, you don't need to wrap them or return your own promise.\n\nCypress will resolve your command with whatever the final Cypress command yields.\n\nThe reason this is an error instead of a warning is because Cypress internally queues commands serially whereas Promises execute as soon as they are invoked. Attempting to reconcile this would prevent Cypress from ever resolving.\n\nhttps://on.cypress.io/returning-promise-and-commands-in-another-command\n    at cypressErr (https://develop.auroravts.com/__cypress/runner/cypress_runner.js:138644:9)\n    at throwErr (https://develop.auroravts.com/__cypress/runner/cypress_runner.js:138577:11)\n    at Object.throwErrByPath (https://develop.auroravts.com/__cypress/runner/cypress_runner.js:138625:3)\n    at Object.cy.<computed> [as log] (https://develop.auroravts.com/__cypress/runner/cypress_runner.js:137612:23)\n    at listener (https://develop.auroravts.com/__cypress/runner/cypress_runner.js:138826:19)\n    at arrayMap (https://develop.auroravts.com/__cypress/runner/cypress_runner.js:10780:23)\n    at Function.map (https://develop.auroravts.com/__cypress/runner/cypress_runner.js:19695:14)\n    at $Cypress.events.emitMap (https://develop.auroravts.com/__cypress/runner/cypress_runner.js:138829:16)\n    at $Cypress.parent.<computed> [as emitMap] (https://develop.auroravts.com/__cypress/runner/cypress_runner.js:138792:29)\n    at $Cypress.action (https://develop.auroravts.com/__cypress/runner/cypress_runner.js:134202:31)\n    at fail (https://develop.auroravts.com/__cypress/runner/cypress_runner.js:137380:22)\n    at https://develop.auroravts.com/__cypress/runner/cypress_runner.js:137249:14\n    at tryCatcher (https://develop.auroravts.com/__cypress/runner/cypress_runner.js:165465:23)\n    at Promise._settlePromiseFromHandler (https://develop.auroravts.com/__cypress/runner/cypress_runner.js:163401:31)\n    at Promise._settlePromise (https://develop.auroravts.com/__cypress/runner/cypress_runner.js:163458:18)\n    at Promise._settlePromise0 (https://develop.auroravts.com/__cypress/runner/cypress_runner.js:163503:10)",
                "diff": null
              },
              "uuid": "3df8c1b3-bec6-4742-9e59-f389306d04e8",
              "parentUUID": "400b38c6-8c26-4c16-8086-bc232afd2aac",
              "isHook": false,
              "skipped": false
            },
            {
              "title": "!Edit Universe Estimates",
              "fullTitle": "Universe Estimates Filters !Edit Universe Estimates",
              "timedOut": null,
              "duration": 38762,
              "state": "failed",
              "speed": null,
              "pass": false,
              "fail": true,
              "pending": false,
              "context": null,
              "code": "var UniverseEstimatesFilters = new _ueFilters_scripts[\"default\"]();\nUniverseEstimatesFilters.visitUEPage();\nUniverseEstimatesFilters.clickCloneButton();\ncy.percySnapshot();\nUniverseEstimatesFilters.searchURGroups();\nUniverseEstimatesFilters.editUE();\nUniverseEstimatesFilters.deleteUEGroups();",
              "err": {
                "message": "CypressError: Cypress detected that you returned a promise from a command while also invoking one or more cy commands in that promise.\n\nThe command that returned the promise was:\n\n  > cy.get()\n\nThe cy command you invoked inside the promise was:\n\n  > cy.log()\n\nBecause Cypress commands are already promise-like, you don't need to wrap them or return your own promise.\n\nCypress will resolve your command with whatever the final Cypress command yields.\n\nThe reason this is an error instead of a warning is because Cypress internally queues commands serially whereas Promises execute as soon as they are invoked. Attempting to reconcile this would prevent Cypress from ever resolving.\n\nhttps://on.cypress.io/returning-promise-and-commands-in-another-command",
                "estack": "CypressError: Cypress detected that you returned a promise from a command while also invoking one or more cy commands in that promise.\n\nThe command that returned the promise was:\n\n  > cy.get()\n\nThe cy command you invoked inside the promise was:\n\n  > cy.log()\n\nBecause Cypress commands are already promise-like, you don't need to wrap them or return your own promise.\n\nCypress will resolve your command with whatever the final Cypress command yields.\n\nThe reason this is an error instead of a warning is because Cypress internally queues commands serially whereas Promises execute as soon as they are invoked. Attempting to reconcile this would prevent Cypress from ever resolving.\n\nhttps://on.cypress.io/returning-promise-and-commands-in-another-command\n    at cypressErr (https://develop.auroravts.com/__cypress/runner/cypress_runner.js:138644:9)\n    at throwErr (https://develop.auroravts.com/__cypress/runner/cypress_runner.js:138577:11)\n    at Object.throwErrByPath (https://develop.auroravts.com/__cypress/runner/cypress_runner.js:138625:3)\n    at Object.cy.<computed> [as log] (https://develop.auroravts.com/__cypress/runner/cypress_runner.js:137612:23)\n    at listener (https://develop.auroravts.com/__cypress/runner/cypress_runner.js:138826:19)\n    at arrayMap (https://develop.auroravts.com/__cypress/runner/cypress_runner.js:10780:23)\n    at Function.map (https://develop.auroravts.com/__cypress/runner/cypress_runner.js:19695:14)\n    at $Cypress.events.emitMap (https://develop.auroravts.com/__cypress/runner/cypress_runner.js:138829:16)\n    at $Cypress.parent.<computed> [as emitMap] (https://develop.auroravts.com/__cypress/runner/cypress_runner.js:138792:29)\n    at $Cypress.action (https://develop.auroravts.com/__cypress/runner/cypress_runner.js:134202:31)\n    at fail (https://develop.auroravts.com/__cypress/runner/cypress_runner.js:137380:22)\n    at https://develop.auroravts.com/__cypress/runner/cypress_runner.js:137249:14\n    at tryCatcher (https://develop.auroravts.com/__cypress/runner/cypress_runner.js:165465:23)\n    at Promise._settlePromiseFromHandler (https://develop.auroravts.com/__cypress/runner/cypress_runner.js:163401:31)\n    at Promise._settlePromise (https://develop.auroravts.com/__cypress/runner/cypress_runner.js:163458:18)\n    at Promise._settlePromise0 (https://develop.auroravts.com/__cypress/runner/cypress_runner.js:163503:10)",
                "diff": null
              },
              "uuid": "f7a4f589-fca9-4892-ad8e-412b37802d30",
              "parentUUID": "400b38c6-8c26-4c16-8086-bc232afd2aac",
              "isHook": false,
              "skipped": false
            },
            {
              "title": "Clone Universe Estimates",
              "fullTitle": "Universe Estimates Filters Clone Universe Estimates",
              "timedOut": null,
              "duration": 39599,
              "state": "failed",
              "speed": null,
              "pass": false,
              "fail": true,
              "pending": false,
              "context": null,
              "code": "var UniverseEstimatesFilters = new _ueFilters_scripts[\"default\"](); //no\nUniverseEstimatesFilters.visitUEPage();\nUniverseEstimatesFilters.clickCloneButton(); //UniverseEstimatesFilters.cloneUE()\nUniverseEstimatesFilters.deleteUEGroups();",
              "err": {
                "message": "CypressError: Cypress detected that you returned a promise from a command while also invoking one or more cy commands in that promise.\n\nThe command that returned the promise was:\n\n  > cy.get()\n\nThe cy command you invoked inside the promise was:\n\n  > cy.log()\n\nBecause Cypress commands are already promise-like, you don't need to wrap them or return your own promise.\n\nCypress will resolve your command with whatever the final Cypress command yields.\n\nThe reason this is an error instead of a warning is because Cypress internally queues commands serially whereas Promises execute as soon as they are invoked. Attempting to reconcile this would prevent Cypress from ever resolving.\n\nhttps://on.cypress.io/returning-promise-and-commands-in-another-command",
                "estack": "CypressError: Cypress detected that you returned a promise from a command while also invoking one or more cy commands in that promise.\n\nThe command that returned the promise was:\n\n  > cy.get()\n\nThe cy command you invoked inside the promise was:\n\n  > cy.log()\n\nBecause Cypress commands are already promise-like, you don't need to wrap them or return your own promise.\n\nCypress will resolve your command with whatever the final Cypress command yields.\n\nThe reason this is an error instead of a warning is because Cypress internally queues commands serially whereas Promises execute as soon as they are invoked. Attempting to reconcile this would prevent Cypress from ever resolving.\n\nhttps://on.cypress.io/returning-promise-and-commands-in-another-command\n    at cypressErr (https://develop.auroravts.com/__cypress/runner/cypress_runner.js:138644:9)\n    at throwErr (https://develop.auroravts.com/__cypress/runner/cypress_runner.js:138577:11)\n    at Object.throwErrByPath (https://develop.auroravts.com/__cypress/runner/cypress_runner.js:138625:3)\n    at Object.cy.<computed> [as log] (https://develop.auroravts.com/__cypress/runner/cypress_runner.js:137612:23)\n    at listener (https://develop.auroravts.com/__cypress/runner/cypress_runner.js:138826:19)\n    at arrayMap (https://develop.auroravts.com/__cypress/runner/cypress_runner.js:10780:23)\n    at Function.map (https://develop.auroravts.com/__cypress/runner/cypress_runner.js:19695:14)\n    at $Cypress.events.emitMap (https://develop.auroravts.com/__cypress/runner/cypress_runner.js:138829:16)\n    at $Cypress.parent.<computed> [as emitMap] (https://develop.auroravts.com/__cypress/runner/cypress_runner.js:138792:29)\n    at $Cypress.action (https://develop.auroravts.com/__cypress/runner/cypress_runner.js:134202:31)\n    at fail (https://develop.auroravts.com/__cypress/runner/cypress_runner.js:137380:22)\n    at https://develop.auroravts.com/__cypress/runner/cypress_runner.js:137249:14\n    at tryCatcher (https://develop.auroravts.com/__cypress/runner/cypress_runner.js:165465:23)\n    at Promise._settlePromiseFromHandler (https://develop.auroravts.com/__cypress/runner/cypress_runner.js:163401:31)\n    at Promise._settlePromise (https://develop.auroravts.com/__cypress/runner/cypress_runner.js:163458:18)\n    at Promise._settlePromise0 (https://develop.auroravts.com/__cypress/runner/cypress_runner.js:163503:10)",
                "diff": null
              },
              "uuid": "1b189e4b-5a6c-488c-8989-92bc36e87e8d",
              "parentUUID": "400b38c6-8c26-4c16-8086-bc232afd2aac",
              "isHook": false,
              "skipped": false
            },
            {
              "title": "Universe Estimates Filters Reset",
              "fullTitle": "Universe Estimates Filters Universe Estimates Filters Reset",
              "timedOut": null,
              "duration": 51431,
              "state": "passed",
              "speed": "slow",
              "pass": true,
              "fail": false,
              "pending": false,
              "context": null,
              "code": "var UniverseEstimatesFilters = new _ueFilters_scripts[\"default\"]();\nUniverseEstimatesFilters.visitUEPage();\nUniverseEstimatesFilters.selectYear();\nUniverseEstimatesFilters.selectQuater();\ncy.percySnapshot();\nUniverseEstimatesFilters.selectResedrButton();",
              "err": {},
              "uuid": "121cc031-df69-4b8e-b025-41c57b951cbc",
              "parentUUID": "400b38c6-8c26-4c16-8086-bc232afd2aac",
              "isHook": false,
              "skipped": false
            },
            {
              "title": "Universe Estimates Filters Apply",
              "fullTitle": "Universe Estimates Filters Universe Estimates Filters Apply",
              "timedOut": null,
              "duration": 49586,
              "state": "passed",
              "speed": "slow",
              "pass": true,
              "fail": false,
              "pending": false,
              "context": null,
              "code": "var UniverseEstimatesFilters = new _ueFilters_scripts[\"default\"]();\nUniverseEstimatesFilters.visitUEPage();\nUniverseEstimatesFilters.selectYear();\nUniverseEstimatesFilters.selectQuater();\nUniverseEstimatesFilters.selectApplyButton();",
              "err": {},
              "uuid": "299abe68-d6bc-48d4-83a0-9b9c07e7c0d5",
              "parentUUID": "400b38c6-8c26-4c16-8086-bc232afd2aac",
              "isHook": false,
              "skipped": false
            }
          ],
          "suites": [],
          "passes": [
            "6176119e-11ea-4d7e-a695-fa48eead1dee",
            "7886f900-cfb9-41c3-9d5c-9fdf0dccd213",
            "121cc031-df69-4b8e-b025-41c57b951cbc",
            "299abe68-d6bc-48d4-83a0-9b9c07e7c0d5"
          ],
          "failures": [
            "0e53bb62-b0a3-4896-8a59-e5ff95604f75",
            "3df8c1b3-bec6-4742-9e59-f389306d04e8",
            "f7a4f589-fca9-4892-ad8e-412b37802d30",
            "1b189e4b-5a6c-488c-8989-92bc36e87e8d"
          ],
          "pending": [],
          "skipped": [],
          "duration": 324404,
          "root": false,
          "rootEmpty": false,
          "_timeout": 2000
        }
      ],
      "passes": [],
      "failures": [],
      "pending": [],
      "skipped": [],
      "duration": 0,
      "root": true,
      "rootEmpty": true,
      "_timeout": 2000
    }
  ],
  "meta": {
    "mocha": {
      "version": "7.1.1"
    },
    "mochawesome": {
      "options": {
        "quiet": true,
        "reportFilename": "mochawesome",
        "saveHtml": true,
        "saveJson": true,
        "consoleReporter": "spec",
        "useInlineDiffs": false
      },
      "version": "4.1.0"
    },
    "marge": {
      "options": {
        "id": "default",
        "reportDir": "cypress/reports/mocha",
        "quiet": true,
        "overwrite": false,
        "html": true,
        "json": true
      },
      "version": "4.1.0"
    }
  }
}