{
  "stats": {
    "suites": 1,
    "tests": 2,
    "passes": 0,
    "pending": 0,
    "failures": 2,
    "start": "2020-06-04T15:22:36.154Z",
    "end": "2020-06-04T15:24:15.545Z",
    "duration": 99391,
    "testsRegistered": 2,
    "passPercent": 0,
    "pendingPercent": 0,
    "other": 0,
    "hasOther": false,
    "skipped": 0,
    "hasSkipped": false
  },
  "results": [
    {
      "uuid": "924a01bc-c800-40dc-bba7-0e269ac6f4f1",
      "title": "",
      "fullFile": "cypress\\integration\\Spain\\References.js",
      "file": "cypress\\integration\\Spain\\References.js",
      "beforeHooks": [],
      "afterHooks": [],
      "tests": [],
      "suites": [
        {
          "uuid": "9be3617c-0289-4a94-8030-38b4d784bd4e",
          "title": "Reference Page",
          "fullFile": "",
          "file": "",
          "beforeHooks": [],
          "afterHooks": [],
          "tests": [
            {
              "title": "Create Reference",
              "fullTitle": "Reference Page Create Reference",
              "timedOut": null,
              "duration": 50247,
              "state": "failed",
              "speed": null,
              "pass": false,
              "fail": true,
              "pending": false,
              "context": null,
              "code": "var references = new _refernces_scripts[\"default\"]();\nreferences.visitReferencesPage();\nreferences.addReference('12 TRAMPAS');\nreferences.findReference('12 TRAMPAS');\nreferences.deleteReference('12 TRAMPAS');",
              "err": {
                "message": "CypressError: Timed out retrying: cy.clear() failed because this element:\n\n<input _ngcontent-igq-c236=\"\" matinput=\"\" autocomplete=\"off\" type=\"number\" class=\"mat-input-element mat-form-field-autofill-control weight ng-tns-c67-33 cdk-text-field-autofill-monitored ng-untouched ng-pristine ng-valid\" ng-reflect-type=\"number\" ng-reflect-model=\"1\" id=\"mat-input-4\" aria-invalid=\"false\" aria-required=\"false\">\n\nis being covered by another element:\n\n<div class=\"mat-form-field-infix ng-tns-c67-46\">...</div>\n\nFix this problem, or use {force: true} to disable error checking.\n\nhttps://on.cypress.io/element-cannot-be-interacted-with",
                "estack": "CypressError: Timed out retrying: cy.clear() failed because this element:\n\n<input _ngcontent-igq-c236=\"\" matinput=\"\" autocomplete=\"off\" type=\"number\" class=\"mat-input-element mat-form-field-autofill-control weight ng-tns-c67-33 cdk-text-field-autofill-monitored ng-untouched ng-pristine ng-valid\" ng-reflect-type=\"number\" ng-reflect-model=\"1\" id=\"mat-input-4\" aria-invalid=\"false\" aria-required=\"false\">\n\nis being covered by another element:\n\n<div class=\"mat-form-field-infix ng-tns-c67-46\">...</div>\n\nFix this problem, or use {force: true} to disable error checking.\n\nhttps://on.cypress.io/element-cannot-be-interacted-with\n    at cypressErr (https://develop.auroravts.com/__cypress/runner/cypress_runner.js:138644:9)\n    at throwErr (https://develop.auroravts.com/__cypress/runner/cypress_runner.js:138577:11)\n    at Object.throwErrByPath (https://develop.auroravts.com/__cypress/runner/cypress_runner.js:138625:3)\n    at Object.retry (https://develop.auroravts.com/__cypress/runner/cypress_runner.js:132905:19)\n    at retryActionability (https://develop.auroravts.com/__cypress/runner/cypress_runner.js:120726:19)\n    at tryCatcher (https://develop.auroravts.com/__cypress/runner/cypress_runner.js:165465:23)\n    at Function.Promise.attempt.Promise.try (https://develop.auroravts.com/__cypress/runner/cypress_runner.js:162740:29)\n    at tryFn (https://develop.auroravts.com/__cypress/runner/cypress_runner.js:133369:21)\n    at whenStable (https://develop.auroravts.com/__cypress/runner/cypress_runner.js:133404:12)\n    at https://develop.auroravts.com/__cypress/runner/cypress_runner.js:132948:16\n    at tryCatcher (https://develop.auroravts.com/__cypress/runner/cypress_runner.js:165465:23)\n    at Promise._settlePromiseFromHandler (https://develop.auroravts.com/__cypress/runner/cypress_runner.js:163401:31)\n    at Promise._settlePromise (https://develop.auroravts.com/__cypress/runner/cypress_runner.js:163458:18)\n    at Promise._settlePromise0 (https://develop.auroravts.com/__cypress/runner/cypress_runner.js:163503:10)\n    at Promise._settlePromises (https://develop.auroravts.com/__cypress/runner/cypress_runner.js:163582:18)\n    at Promise._fulfill (https://develop.auroravts.com/__cypress/runner/cypress_runner.js:163527:18)",
                "diff": null
              },
              "uuid": "3c8b1116-223e-479d-80b4-1747b36669f3",
              "parentUUID": "9be3617c-0289-4a94-8030-38b4d784bd4e",
              "isHook": false,
              "skipped": false
            },
            {
              "title": "Create Reference",
              "fullTitle": "Reference Page Create Reference",
              "timedOut": null,
              "duration": 48928,
              "state": "failed",
              "speed": null,
              "pass": false,
              "fail": true,
              "pending": false,
              "context": null,
              "code": "var references = new _refernces_scripts[\"default\"]();\nreferences.visitReferencesPage();\nreferences.addReference('12 TRAMPAS');\nreferences.findReference('12 TRAMPAS');\nreferences.addLinks('fear', 'FEAR THE WALKING DEAD');\nreferences.actualsPage();\nreferences.deleteReference('12 TRAMPAS');",
              "err": {
                "message": "CypressError: Timed out retrying: cy.clear() failed because this element:\n\n<input _ngcontent-akn-c236=\"\" matinput=\"\" autocomplete=\"off\" type=\"number\" class=\"mat-input-element mat-form-field-autofill-control weight ng-tns-c67-33 cdk-text-field-autofill-monitored ng-untouched ng-pristine ng-valid\" ng-reflect-type=\"number\" ng-reflect-model=\"1\" id=\"mat-input-4\" aria-invalid=\"false\" aria-required=\"false\">\n\nis being covered by another element:\n\n<div class=\"mat-form-field-infix ng-tns-c67-46\">...</div>\n\nFix this problem, or use {force: true} to disable error checking.\n\nhttps://on.cypress.io/element-cannot-be-interacted-with",
                "estack": "CypressError: Timed out retrying: cy.clear() failed because this element:\n\n<input _ngcontent-akn-c236=\"\" matinput=\"\" autocomplete=\"off\" type=\"number\" class=\"mat-input-element mat-form-field-autofill-control weight ng-tns-c67-33 cdk-text-field-autofill-monitored ng-untouched ng-pristine ng-valid\" ng-reflect-type=\"number\" ng-reflect-model=\"1\" id=\"mat-input-4\" aria-invalid=\"false\" aria-required=\"false\">\n\nis being covered by another element:\n\n<div class=\"mat-form-field-infix ng-tns-c67-46\">...</div>\n\nFix this problem, or use {force: true} to disable error checking.\n\nhttps://on.cypress.io/element-cannot-be-interacted-with\n    at cypressErr (https://develop.auroravts.com/__cypress/runner/cypress_runner.js:138644:9)\n    at throwErr (https://develop.auroravts.com/__cypress/runner/cypress_runner.js:138577:11)\n    at Object.throwErrByPath (https://develop.auroravts.com/__cypress/runner/cypress_runner.js:138625:3)\n    at Object.retry (https://develop.auroravts.com/__cypress/runner/cypress_runner.js:132905:19)\n    at retryActionability (https://develop.auroravts.com/__cypress/runner/cypress_runner.js:120726:19)\n    at tryCatcher (https://develop.auroravts.com/__cypress/runner/cypress_runner.js:165465:23)\n    at Function.Promise.attempt.Promise.try (https://develop.auroravts.com/__cypress/runner/cypress_runner.js:162740:29)\n    at tryFn (https://develop.auroravts.com/__cypress/runner/cypress_runner.js:133369:21)\n    at whenStable (https://develop.auroravts.com/__cypress/runner/cypress_runner.js:133404:12)\n    at https://develop.auroravts.com/__cypress/runner/cypress_runner.js:132948:16\n    at tryCatcher (https://develop.auroravts.com/__cypress/runner/cypress_runner.js:165465:23)\n    at Promise._settlePromiseFromHandler (https://develop.auroravts.com/__cypress/runner/cypress_runner.js:163401:31)\n    at Promise._settlePromise (https://develop.auroravts.com/__cypress/runner/cypress_runner.js:163458:18)\n    at Promise._settlePromise0 (https://develop.auroravts.com/__cypress/runner/cypress_runner.js:163503:10)\n    at Promise._settlePromises (https://develop.auroravts.com/__cypress/runner/cypress_runner.js:163582:18)\n    at Promise._fulfill (https://develop.auroravts.com/__cypress/runner/cypress_runner.js:163527:18)",
                "diff": null
              },
              "uuid": "382c5df6-3404-4483-8462-67beefb40bd6",
              "parentUUID": "9be3617c-0289-4a94-8030-38b4d784bd4e",
              "isHook": false,
              "skipped": false
            }
          ],
          "suites": [],
          "passes": [],
          "failures": [
            "3c8b1116-223e-479d-80b4-1747b36669f3",
            "382c5df6-3404-4483-8462-67beefb40bd6"
          ],
          "pending": [],
          "skipped": [],
          "duration": 99175,
          "root": false,
          "rootEmpty": false,
          "_timeout": 2000
        }
      ],
      "passes": [],
      "failures": [],
      "pending": [],
      "skipped": [],
      "duration": 0,
      "root": true,
      "rootEmpty": true,
      "_timeout": 2000
    }
  ],
  "meta": {
    "mocha": {
      "version": "7.1.1"
    },
    "mochawesome": {
      "options": {
        "quiet": true,
        "reportFilename": "mochawesome",
        "saveHtml": true,
        "saveJson": true,
        "consoleReporter": "spec",
        "useInlineDiffs": false
      },
      "version": "4.1.0"
    },
    "marge": {
      "options": {
        "id": "default",
        "reportDir": "cypress/reports/mocha",
        "quiet": true,
        "overwrite": false,
        "html": true,
        "json": true
      },
      "version": "4.1.0"
    }
  }
}