{
  "stats": {
    "suites": 1,
    "tests": 8,
    "passes": 8,
    "pending": 0,
    "failures": 0,
    "start": "2020-03-26T12:07:20.937Z",
    "end": "2020-03-26T12:14:00.941Z",
    "duration": 400004,
    "testsRegistered": 8,
    "passPercent": 100,
    "pendingPercent": 0,
    "other": 0,
    "hasOther": false,
    "skipped": 0,
    "hasSkipped": false
  },
  "results": [
    {
      "uuid": "23a951aa-bf72-4dd1-b3d7-8c7198a1735a",
      "title": "",
      "fullFile": "cypress\\integration\\test\\UniverseEstimatesFilters.js",
      "file": "cypress\\integration\\test\\UniverseEstimatesFilters.js",
      "beforeHooks": [],
      "afterHooks": [],
      "tests": [],
      "suites": [
        {
          "uuid": "f5cd3354-fc14-40ea-b258-fd6c447638f0",
          "title": "Universe Estimates Filters",
          "fullFile": "",
          "file": "",
          "beforeHooks": [],
          "afterHooks": [],
          "tests": [
            {
              "title": "!Create+Search+Edit Universe Estimates",
              "fullTitle": "Universe Estimates Filters !Create+Search+Edit Universe Estimates",
              "timedOut": null,
              "duration": 79475,
              "state": "passed",
              "speed": "slow",
              "pass": true,
              "fail": false,
              "pending": false,
              "context": null,
              "code": "var UniverseEstimatesFilters = new _ueFilters_scripts[\"default\"]();\nUniverseEstimatesFilters.visitUEPage();\ncy.percySnapshot();\nUniverseEstimatesFilters.clickCloneButton();\nUniverseEstimatesFilters.searchURGroups();\nUniverseEstimatesFilters.editUEGroups();\ncy.percySnapshot();\nUniverseEstimatesFilters.deleteEditUEGroups();",
              "err": {},
              "uuid": "e4c1717a-3b14-40ca-a346-9fae50a61ebc",
              "parentUUID": "f5cd3354-fc14-40ea-b258-fd6c447638f0",
              "isHook": false,
              "skipped": false
            },
            {
              "title": "!Universe Estimates Search UE",
              "fullTitle": "Universe Estimates Filters !Universe Estimates Search UE",
              "timedOut": null,
              "duration": 31112,
              "state": "passed",
              "speed": "slow",
              "pass": true,
              "fail": false,
              "pending": false,
              "context": null,
              "code": "var UniverseEstimatesFilters = new _ueFilters_scripts[\"default\"]();\nUniverseEstimatesFilters.visitUEPage();\ncy.get('.selected > .mat-list-item-content').click();\nUniverseEstimatesFilters.searchUE();",
              "err": {},
              "uuid": "f1826345-092f-426d-ba1e-5ea89f6ef889",
              "parentUUID": "f5cd3354-fc14-40ea-b258-fd6c447638f0",
              "isHook": false,
              "skipped": false
            },
            {
              "title": "!Export Universe Estimates",
              "fullTitle": "Universe Estimates Filters !Export Universe Estimates",
              "timedOut": null,
              "duration": 34056,
              "state": "passed",
              "speed": "slow",
              "pass": true,
              "fail": false,
              "pending": false,
              "context": null,
              "code": "var UniverseEstimatesFilters = new _ueFilters_scripts[\"default\"]();\nUniverseEstimatesFilters.visitUEPage();\nUniverseEstimatesFilters.exportUE();",
              "err": {},
              "uuid": "00297581-7f59-4724-aeaf-69933bf5f9cf",
              "parentUUID": "f5cd3354-fc14-40ea-b258-fd6c447638f0",
              "isHook": false,
              "skipped": false
            },
            {
              "title": "!Import Universe Estimates",
              "fullTitle": "Universe Estimates Filters !Import Universe Estimates",
              "timedOut": null,
              "duration": 53210,
              "state": "passed",
              "speed": "slow",
              "pass": true,
              "fail": false,
              "pending": false,
              "context": null,
              "code": "var UniverseEstimatesFilters = new _ueFilters_scripts[\"default\"](); //no\nUniverseEstimatesFilters.visitUEPage();\nUniverseEstimatesFilters.clickCloneButton();\nUniverseEstimatesFilters.importUE();\nUniverseEstimatesFilters.deleteUEGroups();",
              "err": {},
              "uuid": "ba19ce65-3e4a-4d6c-a2cc-9fcb6336dbed",
              "parentUUID": "f5cd3354-fc14-40ea-b258-fd6c447638f0",
              "isHook": false,
              "skipped": false
            },
            {
              "title": "!Edit Universe Estimates",
              "fullTitle": "Universe Estimates Filters !Edit Universe Estimates",
              "timedOut": null,
              "duration": 63115,
              "state": "passed",
              "speed": "slow",
              "pass": true,
              "fail": false,
              "pending": false,
              "context": null,
              "code": "var UniverseEstimatesFilters = new _ueFilters_scripts[\"default\"]();\nUniverseEstimatesFilters.visitUEPage();\nUniverseEstimatesFilters.clickCloneButton();\ncy.percySnapshot();\nUniverseEstimatesFilters.searchURGroups();\nUniverseEstimatesFilters.editUE();\nUniverseEstimatesFilters.deleteUEGroups();",
              "err": {},
              "uuid": "81f455c3-fe5c-4085-89ce-bc6083d659ad",
              "parentUUID": "f5cd3354-fc14-40ea-b258-fd6c447638f0",
              "isHook": false,
              "skipped": false
            },
            {
              "title": "Clone Universe Estimates",
              "fullTitle": "Universe Estimates Filters Clone Universe Estimates",
              "timedOut": null,
              "duration": 49603,
              "state": "passed",
              "speed": "slow",
              "pass": true,
              "fail": false,
              "pending": false,
              "context": null,
              "code": "var UniverseEstimatesFilters = new _ueFilters_scripts[\"default\"](); //no\nUniverseEstimatesFilters.visitUEPage();\nUniverseEstimatesFilters.clickCloneButton(); //UniverseEstimatesFilters.cloneUE()\nUniverseEstimatesFilters.deleteUEGroups();",
              "err": {},
              "uuid": "1c522388-1f6d-497f-b8e4-1e8a6bd981fa",
              "parentUUID": "f5cd3354-fc14-40ea-b258-fd6c447638f0",
              "isHook": false,
              "skipped": false
            },
            {
              "title": "Universe Estimates Filters Reset",
              "fullTitle": "Universe Estimates Filters Universe Estimates Filters Reset",
              "timedOut": null,
              "duration": 42908,
              "state": "passed",
              "speed": "slow",
              "pass": true,
              "fail": false,
              "pending": false,
              "context": null,
              "code": "var UniverseEstimatesFilters = new _ueFilters_scripts[\"default\"]();\nUniverseEstimatesFilters.visitUEPage();\nUniverseEstimatesFilters.selectYear();\nUniverseEstimatesFilters.selectQuater();\ncy.percySnapshot();\nUniverseEstimatesFilters.selectResedrButton();",
              "err": {},
              "uuid": "bea959ff-46a2-4f9a-bbb5-61a9a13cc1d0",
              "parentUUID": "f5cd3354-fc14-40ea-b258-fd6c447638f0",
              "isHook": false,
              "skipped": false
            },
            {
              "title": "Universe Estimates Filters Apply",
              "fullTitle": "Universe Estimates Filters Universe Estimates Filters Apply",
              "timedOut": null,
              "duration": 44265,
              "state": "passed",
              "speed": "slow",
              "pass": true,
              "fail": false,
              "pending": false,
              "context": null,
              "code": "var UniverseEstimatesFilters = new _ueFilters_scripts[\"default\"]();\nUniverseEstimatesFilters.visitUEPage();\nUniverseEstimatesFilters.selectYear();\nUniverseEstimatesFilters.selectQuater();\nUniverseEstimatesFilters.selectApplyButton();",
              "err": {},
              "uuid": "9512a356-337e-44ec-b11a-1c033eb09711",
              "parentUUID": "f5cd3354-fc14-40ea-b258-fd6c447638f0",
              "isHook": false,
              "skipped": false
            }
          ],
          "suites": [],
          "passes": [
            "e4c1717a-3b14-40ca-a346-9fae50a61ebc",
            "f1826345-092f-426d-ba1e-5ea89f6ef889",
            "00297581-7f59-4724-aeaf-69933bf5f9cf",
            "ba19ce65-3e4a-4d6c-a2cc-9fcb6336dbed",
            "81f455c3-fe5c-4085-89ce-bc6083d659ad",
            "1c522388-1f6d-497f-b8e4-1e8a6bd981fa",
            "bea959ff-46a2-4f9a-bbb5-61a9a13cc1d0",
            "9512a356-337e-44ec-b11a-1c033eb09711"
          ],
          "failures": [],
          "pending": [],
          "skipped": [],
          "duration": 397744,
          "root": false,
          "rootEmpty": false,
          "_timeout": 2000
        }
      ],
      "passes": [],
      "failures": [],
      "pending": [],
      "skipped": [],
      "duration": 0,
      "root": true,
      "rootEmpty": true,
      "_timeout": 2000
    }
  ],
  "meta": {
    "mocha": {
      "version": "7.1.1"
    },
    "mochawesome": {
      "options": {
        "quiet": true,
        "reportFilename": "mochawesome",
        "saveHtml": true,
        "saveJson": true,
        "consoleReporter": "spec",
        "useInlineDiffs": false
      },
      "version": "4.1.0"
    },
    "marge": {
      "options": {
        "id": "default",
        "reportDir": "cypress/reports/mocha",
        "quiet": true,
        "overwrite": false,
        "html": true,
        "json": true
      },
      "version": "4.1.0"
    }
  }
}