{
  "stats": {
    "suites": 1,
    "tests": 0,
    "passes": 0,
    "pending": 0,
    "failures": 0,
    "start": "2020-08-04T21:51:27.537Z",
    "end": "2020-08-04T21:51:56.737Z",
    "duration": 29200,
    "testsRegistered": 1,
    "passPercent": 0,
    "pendingPercent": 0,
    "other": 1,
    "hasOther": true,
    "skipped": 1,
    "hasSkipped": true
  },
  "results": [
    {
      "uuid": "34816f9e-03da-4d57-809d-6c77fc3302c6",
      "title": "",
      "fullFile": "cypress\\integration\\Spain\\ScheduleDetails.js",
      "file": "cypress\\integration\\Spain\\ScheduleDetails.js",
      "beforeHooks": [],
      "afterHooks": [],
      "tests": [],
      "suites": [
        {
          "uuid": "056e8370-a0d4-49d5-ac97-ee73c6a1a319",
          "title": "Schedules Page",
          "fullFile": "",
          "file": "",
          "beforeHooks": [],
          "afterHooks": [],
          "tests": [
            {
              "title": "Projection Entire File",
              "fullTitle": "Schedules Page Projection Entire File",
              "timedOut": null,
              "duration": 29028,
              "state": "failed",
              "speed": null,
              "pass": false,
              "fail": true,
              "pending": false,
              "context": null,
              "code": "var schedulesDetails = new _SD_scipts[\"default\"]();\nschedulesDetails.enterToSchedule();\nschedulesDetails.lockSchedules();\nschedulesDetails.projection();",
              "err": {
                "message": "CypressError: Timed out retrying: Expected to find content: '2019' within the element: <span.mat-option-text> but never did.\n\nBecause this error occurred during a 'before all' hook we are skipping the remaining tests in the current suite: 'Schedules Page'",
                "estack": "CypressError: Timed out retrying: Expected to find content: '2019' within the element: <span.mat-option-text> but never did.\n\nBecause this error occurred during a 'before all' hook we are skipping the remaining tests in the current suite: 'Schedules Page'\n    at cypressErr (https://develop.auroravts.com/__cypress/runner/cypress_runner.js:138644:9)\n    at throwErr (https://develop.auroravts.com/__cypress/runner/cypress_runner.js:138577:11)\n    at Object.throwErrByPath (https://develop.auroravts.com/__cypress/runner/cypress_runner.js:138625:3)\n    at retry (https://develop.auroravts.com/__cypress/runner/cypress_runner.js:132905:19)\n    at onFailFn (https://develop.auroravts.com/__cypress/runner/cypress_runner.js:121122:16)\n    at tryCatcher (https://develop.auroravts.com/__cypress/runner/cypress_runner.js:165465:23)\n    at Promise._settlePromiseFromHandler (https://develop.auroravts.com/__cypress/runner/cypress_runner.js:163401:31)\n    at Promise._settlePromise (https://develop.auroravts.com/__cypress/runner/cypress_runner.js:163458:18)\n    at Promise._settlePromise0 (https://develop.auroravts.com/__cypress/runner/cypress_runner.js:163503:10)\n    at Promise._settlePromises (https://develop.auroravts.com/__cypress/runner/cypress_runner.js:163578:18)\n    at Async../node_modules/bluebird/js/release/async.js.Async._drainQueue (https://develop.auroravts.com/__cypress/runner/cypress_runner.js:160190:16)\n    at Async../node_modules/bluebird/js/release/async.js.Async._drainQueues (https://develop.auroravts.com/__cypress/runner/cypress_runner.js:160200:10)\n    at Async.drainQueues (https://develop.auroravts.com/__cypress/runner/cypress_runner.js:160074:14)",
                "diff": null
              },
              "uuid": "06c2d382-9068-42e8-9fb2-27f91aa20d98",
              "parentUUID": "056e8370-a0d4-49d5-ac97-ee73c6a1a319",
              "isHook": false,
              "skipped": false
            }
          ],
          "suites": [],
          "passes": [],
          "failures": [
            "06c2d382-9068-42e8-9fb2-27f91aa20d98"
          ],
          "pending": [],
          "skipped": [],
          "duration": 29028,
          "root": false,
          "rootEmpty": false,
          "_timeout": 2000
        }
      ],
      "passes": [],
      "failures": [],
      "pending": [],
      "skipped": [],
      "duration": 0,
      "root": true,
      "rootEmpty": true,
      "_timeout": 2000
    }
  ],
  "meta": {
    "mocha": {
      "version": "7.1.1"
    },
    "mochawesome": {
      "options": {
        "quiet": true,
        "reportFilename": "mochawesome",
        "saveHtml": true,
        "saveJson": true,
        "consoleReporter": "spec",
        "useInlineDiffs": false
      },
      "version": "4.1.0"
    },
    "marge": {
      "options": {
        "id": "default",
        "reportDir": "cypress/reports/mocha",
        "quiet": true,
        "overwrite": false,
        "html": true,
        "json": true
      },
      "version": "4.1.0"
    }
  }
}