{
  "stats": {
    "suites": 1,
    "tests": 0,
    "passes": 0,
    "pending": 0,
    "failures": 0,
    "start": "2020-07-10T14:37:02.474Z",
    "end": "2020-07-10T14:37:30.202Z",
    "duration": 27728,
    "testsRegistered": 1,
    "passPercent": 0,
    "pendingPercent": 0,
    "other": 1,
    "hasOther": true,
    "skipped": 1,
    "hasSkipped": true
  },
  "results": [
    {
      "uuid": "a176ac1c-5bb5-47ed-8bc7-e1dfda37fbb3",
      "title": "",
      "fullFile": "cypress\\integration\\Spain\\Calibration.js",
      "file": "cypress\\integration\\Spain\\Calibration.js",
      "beforeHooks": [],
      "afterHooks": [],
      "tests": [],
      "suites": [
        {
          "uuid": "6f84626c-2712-43ef-9728-46d7c331cb92",
          "title": "Calibration",
          "fullFile": "",
          "file": "",
          "beforeHooks": [],
          "afterHooks": [],
          "tests": [
            {
              "title": "Change Global Calibration",
              "fullTitle": "Calibration Change Global Calibration",
              "timedOut": null,
              "duration": 27626,
              "state": "failed",
              "speed": null,
              "pass": false,
              "fail": true,
              "pending": false,
              "context": null,
              "code": "var calibrations = new _calibration_scripts[\"default\"]();\ncalibrations.enterToSchedule1();\ncalibrations.lockSchedules1();\ncalibrations.openDaypartCalibration();",
              "err": {
                "message": "CypressError: Timed out retrying: cy.type() failed because this element is not visible:\n\n<input _ngcontent-adi-c230=\"\" autocomplete=\"off\" matinput=\"\" type=\"text\" placeholder=\"Copy Name\" required=\"\" class=\"mat-input-element mat-form-field-autofill-control ng-tns-c67-18 cdk-text-field-autofill-monitored ng-untouched ng-pristine ng-invalid\" maxlength=\"255\" id=\"mat-input-1\" aria-invalid=\"false\" aria-required=\"true\">\n\nThis element '<input#mat-input-1.mat-input-element.mat-form-field-autofill-control.ng-tns-c67-18.cdk-text-field-autofill-monitored.ng-untouched.ng-pristine.ng-invalid>' is not visible because it has CSS property: 'position: fixed' and its being covered by another element:\n\n<div _ngcontent-adi-c230=\"\" class=\"copy-schedule-modal\">...</div>\n\nFix this problem, or use {force: true} to disable error checking.\n\nhttps://on.cypress.io/element-cannot-be-interacted-with\n\nBecause this error occurred during a 'before all' hook we are skipping the remaining tests in the current suite: 'Calibration'",
                "estack": "CypressError: Timed out retrying: cy.type() failed because this element is not visible:\n\n<input _ngcontent-adi-c230=\"\" autocomplete=\"off\" matinput=\"\" type=\"text\" placeholder=\"Copy Name\" required=\"\" class=\"mat-input-element mat-form-field-autofill-control ng-tns-c67-18 cdk-text-field-autofill-monitored ng-untouched ng-pristine ng-invalid\" maxlength=\"255\" id=\"mat-input-1\" aria-invalid=\"false\" aria-required=\"true\">\n\nThis element '<input#mat-input-1.mat-input-element.mat-form-field-autofill-control.ng-tns-c67-18.cdk-text-field-autofill-monitored.ng-untouched.ng-pristine.ng-invalid>' is not visible because it has CSS property: 'position: fixed' and its being covered by another element:\n\n<div _ngcontent-adi-c230=\"\" class=\"copy-schedule-modal\">...</div>\n\nFix this problem, or use {force: true} to disable error checking.\n\nhttps://on.cypress.io/element-cannot-be-interacted-with\n\nBecause this error occurred during a 'before all' hook we are skipping the remaining tests in the current suite: 'Calibration'\n    at cypressErr (https://develop.auroravts.com/__cypress/runner/cypress_runner.js:138644:9)\n    at throwErr (https://develop.auroravts.com/__cypress/runner/cypress_runner.js:138577:11)\n    at Object.throwErrByPath (https://develop.auroravts.com/__cypress/runner/cypress_runner.js:138625:3)\n    at Object.retry (https://develop.auroravts.com/__cypress/runner/cypress_runner.js:132905:19)\n    at retryActionability (https://develop.auroravts.com/__cypress/runner/cypress_runner.js:120726:19)\n    at tryCatcher (https://develop.auroravts.com/__cypress/runner/cypress_runner.js:165465:23)\n    at Function.Promise.attempt.Promise.try (https://develop.auroravts.com/__cypress/runner/cypress_runner.js:162740:29)\n    at tryFn (https://develop.auroravts.com/__cypress/runner/cypress_runner.js:133369:21)\n    at whenStable (https://develop.auroravts.com/__cypress/runner/cypress_runner.js:133404:12)\n    at https://develop.auroravts.com/__cypress/runner/cypress_runner.js:132948:16\n    at tryCatcher (https://develop.auroravts.com/__cypress/runner/cypress_runner.js:165465:23)\n    at Promise._settlePromiseFromHandler (https://develop.auroravts.com/__cypress/runner/cypress_runner.js:163401:31)\n    at Promise._settlePromise (https://develop.auroravts.com/__cypress/runner/cypress_runner.js:163458:18)\n    at Promise._settlePromise0 (https://develop.auroravts.com/__cypress/runner/cypress_runner.js:163503:10)\n    at Promise._settlePromises (https://develop.auroravts.com/__cypress/runner/cypress_runner.js:163582:18)\n    at Promise._fulfill (https://develop.auroravts.com/__cypress/runner/cypress_runner.js:163527:18)",
                "diff": null
              },
              "uuid": "102c86f6-f471-44a2-a257-b3b46cd15c8e",
              "parentUUID": "6f84626c-2712-43ef-9728-46d7c331cb92",
              "isHook": false,
              "skipped": false
            }
          ],
          "suites": [],
          "passes": [],
          "failures": [
            "102c86f6-f471-44a2-a257-b3b46cd15c8e"
          ],
          "pending": [],
          "skipped": [],
          "duration": 27626,
          "root": false,
          "rootEmpty": false,
          "_timeout": 2000
        }
      ],
      "passes": [],
      "failures": [],
      "pending": [],
      "skipped": [],
      "duration": 0,
      "root": true,
      "rootEmpty": true,
      "_timeout": 2000
    }
  ],
  "meta": {
    "mocha": {
      "version": "7.1.1"
    },
    "mochawesome": {
      "options": {
        "quiet": true,
        "reportFilename": "mochawesome",
        "saveHtml": true,
        "saveJson": true,
        "consoleReporter": "spec",
        "useInlineDiffs": false
      },
      "version": "4.1.0"
    },
    "marge": {
      "options": {
        "id": "default",
        "reportDir": "cypress/reports/mocha",
        "quiet": true,
        "overwrite": false,
        "html": true,
        "json": true
      },
      "version": "4.1.0"
    }
  }
}