{
  "stats": {
    "suites": 1,
    "tests": 3,
    "passes": 2,
    "pending": 0,
    "failures": 1,
    "start": "2020-05-26T10:36:17.180Z",
    "end": "2020-05-26T10:36:57.871Z",
    "duration": 40691,
    "testsRegistered": 3,
    "passPercent": 66.66666666666666,
    "pendingPercent": 0,
    "other": 0,
    "hasOther": false,
    "skipped": 0,
    "hasSkipped": false
  },
  "results": [
    {
      "uuid": "eabc652b-699f-4cf6-bd1d-2a177a173df4",
      "title": "",
      "fullFile": "cypress\\integration\\Spain\\Login.js",
      "file": "cypress\\integration\\Spain\\Login.js",
      "beforeHooks": [],
      "afterHooks": [],
      "tests": [],
      "suites": [
        {
          "uuid": "ad7b84ac-4835-445b-ac8d-87a9a569a573",
          "title": "Login",
          "fullFile": "",
          "file": "",
          "beforeHooks": [],
          "afterHooks": [],
          "tests": [
            {
              "title": "Valid login Page",
              "fullTitle": "Login Valid login Page",
              "timedOut": null,
              "duration": 26460,
              "state": "failed",
              "speed": null,
              "pass": false,
              "fail": true,
              "pending": false,
              "context": null,
              "code": "var log = new _login_scripts[\"default\"]();\ncy.wait(3000);\nlog.usernameField('sysadmin');\nlog.passwordFields('!amcnbi321');\nlog.loginButton();\ncy.wait(5000);\ncy.title().should('be.equal', 'Estimator International');\ncy.wait(8000);\ncy.server();\ncy.route('GET', '/api/v1/user/get_user_info').as('get_user_info');\ncy.route('POST', '/api/v1/schedules/get_schedules').as('get_schedules');\ncy.wait(['@get_user_info', '@get_schedules']).should(function (data) {\n  data.forEach(function (item) {\n    return expect(item.stats).to.equal(200);\n  });\n  return true;\n});\ncy.wait(8000);\ncy.percySnapshot();",
              "err": {
                "message": "CypressError: Timed out retrying: cy.wait() timed out waiting 5000ms for the 1st request to the route: 'get_user_info'. No request ever occurred.",
                "estack": "CypressError: Timed out retrying: cy.wait() timed out waiting 5000ms for the 1st request to the route: 'get_user_info'. No request ever occurred.\n    at cypressErr (https://develop.auroravts.com/__cypress/runner/cypress_runner.js:138644:9)\n    at throwErr (https://develop.auroravts.com/__cypress/runner/cypress_runner.js:138577:11)\n    at Object.throwErrByPath (https://develop.auroravts.com/__cypress/runner/cypress_runner.js:138625:3)\n    at Object.retry (https://develop.auroravts.com/__cypress/runner/cypress_runner.js:132905:19)\n    at checkForXhr (https://develop.auroravts.com/__cypress/runner/cypress_runner.js:129230:17)\n    at https://develop.auroravts.com/__cypress/runner/cypress_runner.js:129231:28\n    at tryCatcher (https://develop.auroravts.com/__cypress/runner/cypress_runner.js:165465:23)\n    at Function.Promise.attempt.Promise.try (https://develop.auroravts.com/__cypress/runner/cypress_runner.js:162740:29)\n    at tryFn (https://develop.auroravts.com/__cypress/runner/cypress_runner.js:133369:21)\n    at whenStable (https://develop.auroravts.com/__cypress/runner/cypress_runner.js:133404:12)\n    at https://develop.auroravts.com/__cypress/runner/cypress_runner.js:132948:16\n    at tryCatcher (https://develop.auroravts.com/__cypress/runner/cypress_runner.js:165465:23)\n    at Promise._settlePromiseFromHandler (https://develop.auroravts.com/__cypress/runner/cypress_runner.js:163401:31)\n    at Promise._settlePromise (https://develop.auroravts.com/__cypress/runner/cypress_runner.js:163458:18)\n    at Promise._settlePromise0 (https://develop.auroravts.com/__cypress/runner/cypress_runner.js:163503:10)\n    at Promise._settlePromises (https://develop.auroravts.com/__cypress/runner/cypress_runner.js:163582:18)",
                "diff": null
              },
              "uuid": "f22f42f2-57ff-4dcf-9f3a-bac8f877c193",
              "parentUUID": "ad7b84ac-4835-445b-ac8d-87a9a569a573",
              "isHook": false,
              "skipped": false
            },
            {
              "title": "InValid login Page",
              "fullTitle": "Login InValid login Page",
              "timedOut": null,
              "duration": 7006,
              "state": "passed",
              "speed": "slow",
              "pass": true,
              "fail": false,
              "pending": false,
              "context": null,
              "code": "var log = new _login_scripts[\"default\"]();\ncy.wait(3000);\nlog.usernameField('sysadmin');\nlog.passwordFields(' ');\nlog.loginButton();\ncy.title().should('be.equal', 'Login');",
              "err": {},
              "uuid": "f25902e5-1361-460c-88c9-ae3afddd9ac5",
              "parentUUID": "ad7b84ac-4835-445b-ac8d-87a9a569a573",
              "isHook": false,
              "skipped": false
            },
            {
              "title": "InValid login Page",
              "fullTitle": "Login InValid login Page",
              "timedOut": null,
              "duration": 7102,
              "state": "passed",
              "speed": "slow",
              "pass": true,
              "fail": false,
              "pending": false,
              "context": null,
              "code": "var log = new _login_scripts[\"default\"]();\ncy.wait(3000);\nlog.usernameField(' ');\nlog.passwordFields('!amcnbi321');\nlog.loginButton();\ncy.title().should('be.equal', 'Login');",
              "err": {},
              "uuid": "e15205a6-89cc-45af-8851-d0639b8d5e44",
              "parentUUID": "ad7b84ac-4835-445b-ac8d-87a9a569a573",
              "isHook": false,
              "skipped": false
            }
          ],
          "suites": [],
          "passes": [
            "f25902e5-1361-460c-88c9-ae3afddd9ac5",
            "e15205a6-89cc-45af-8851-d0639b8d5e44"
          ],
          "failures": [
            "f22f42f2-57ff-4dcf-9f3a-bac8f877c193"
          ],
          "pending": [],
          "skipped": [],
          "duration": 40568,
          "root": false,
          "rootEmpty": false,
          "_timeout": 2000
        }
      ],
      "passes": [],
      "failures": [],
      "pending": [],
      "skipped": [],
      "duration": 0,
      "root": true,
      "rootEmpty": true,
      "_timeout": 2000
    }
  ],
  "meta": {
    "mocha": {
      "version": "7.1.1"
    },
    "mochawesome": {
      "options": {
        "quiet": true,
        "reportFilename": "mochawesome",
        "saveHtml": true,
        "saveJson": true,
        "consoleReporter": "spec",
        "useInlineDiffs": false
      },
      "version": "4.1.0"
    },
    "marge": {
      "options": {
        "id": "default",
        "reportDir": "cypress/reports/mocha",
        "quiet": true,
        "overwrite": false,
        "html": true,
        "json": true
      },
      "version": "4.1.0"
    }
  }
}